2021:04:01 00:10:44.680 INFO  --- [restartedMain] com.weather.demo.DemoApplication : Starting DemoApplication using Java 1.8.0_161 on DESKTOP-JGQ1FNH with PID 2796 (C:\GitHub\WeatherAPI\demo\target\classes started by saza in C:\GitHub\WeatherAPI\demo) 
2021:04:01 00:10:44.689 INFO  --- [restartedMain] com.weather.demo.DemoApplication : No active profile set, falling back to default profiles: default 
2021:04:01 00:10:44.728 WARN  --- [restartedMain] o.s.b.c.c.ConfigDataEnvironment : Property 'spring.profiles' imported from location 'class path resource [application.properties]' is invalid and should be replaced with 'spring.config.activate.on-profile' [origin: class path resource [application.properties] - 15:18] 
2021:04:01 00:10:44.729 INFO  --- [restartedMain] o.s.b.d.restart.ChangeableUrls : The Class-Path manifest attribute in C:\MyStudy\70_spring\mvn_repository\com\oracle\database\jdbc\ojdbc8\19.8.0.0\ojdbc8-19.8.0.0.jar referenced one or more files that do not exist: file:/C:/MyStudy/70_spring/mvn_repository/com/oracle/database/jdbc/ojdbc8/19.8.0.0/oraclepki.jar 
2021:04:01 00:10:44.729 INFO  --- [restartedMain] o.s.b.d.e.DevToolsPropertyDefaultsPostProcessor : Devtools property defaults active! Set 'spring.devtools.add-properties' to 'false' to disable 
2021:04:01 00:10:44.729 INFO  --- [restartedMain] o.s.b.d.e.DevToolsPropertyDefaultsPostProcessor : For additional web related logging consider setting the 'logging.level.web' property to 'DEBUG' 
2021:04:01 00:10:45.436 INFO  --- [restartedMain] o.s.c.s.PostProcessorRegistrationDelegate$BeanPostProcessorChecker : Bean 'org.springframework.ws.config.annotation.DelegatingWsConfiguration' of type [org.springframework.ws.config.annotation.DelegatingWsConfiguration$$EnhancerBySpringCGLIB$$c0d52c24] is not eligible for getting processed by all BeanPostProcessors (for example: not eligible for auto-proxying) 
2021:04:01 00:10:45.459 INFO  --- [restartedMain] o.s.w.s.a.s.AnnotationActionEndpointMapping : Supporting [WS-Addressing August 2004, WS-Addressing 1.0] 
2021:04:01 00:10:45.701 INFO  --- [restartedMain] o.s.b.w.e.tomcat.TomcatWebServer : Tomcat initialized with port(s): 8080 (http) 
2021:04:01 00:10:45.710 INFO  --- [restartedMain] o.a.catalina.core.StandardService : Starting service [Tomcat] 
2021:04:01 00:10:45.710 INFO  --- [restartedMain] o.a.catalina.core.StandardEngine : Starting Servlet engine: [Apache Tomcat/9.0.44] 
2021:04:01 00:10:45.783 INFO  --- [restartedMain] o.a.c.c.C.[Tomcat].[localhost].[/] : Initializing Spring embedded WebApplicationContext 
2021:04:01 00:10:45.783 INFO  --- [restartedMain] o.s.b.w.s.c.ServletWebServerApplicationContext : Root WebApplicationContext: initialization completed in 1053 ms 
2021:04:01 00:10:45.901 WARN  --- [restartedMain] o.s.b.w.s.c.AnnotationConfigServletWebServerApplicationContext : Exception encountered during context initialization - cancelling refresh attempt: org.springframework.beans.factory.UnsatisfiedDependencyException: Error creating bean with name 'APIController': Unsatisfied dependency expressed through field 'weatherDAO'; nested exception is org.springframework.beans.factory.UnsatisfiedDependencyException: Error creating bean with name 'weatherDAO' defined in file [C:\GitHub\WeatherAPI\demo\target\classes\com\weather\service\WeatherDAO.class]: Unsatisfied dependency expressed through bean property 'sqlSessionFactory'; nested exception is org.springframework.beans.factory.UnsatisfiedDependencyException: Error creating bean with name 'sqlSessionFactory' defined in com.weather.demo.DemoApplication: Unsatisfied dependency expressed through method 'sqlSessionFactory' parameter 0; nested exception is org.springframework.beans.factory.BeanCreationException: Error creating bean with name 'dataSource' defined in class path resource [org/springframework/boot/autoconfigure/jdbc/DataSourceConfiguration$Hikari.class]: Bean instantiation via factory method failed; nested exception is org.springframework.beans.BeanInstantiationException: Failed to instantiate [com.zaxxer.hikari.HikariDataSource]: Factory method 'dataSource' threw exception; nested exception is org.springframework.boot.autoconfigure.jdbc.DataSourceProperties$DataSourceBeanCreationException: Failed to determine a suitable driver class 
2021:04:01 00:10:45.903 INFO  --- [restartedMain] o.a.catalina.core.StandardService : Stopping service [Tomcat] 
2021:04:01 00:10:45.932 INFO  --- [restartedMain] o.s.b.a.l.ConditionEvaluationReportLoggingListener : 

Error starting ApplicationContext. To display the conditions report re-run your application with 'debug' enabled. 
2021:04:01 00:10:45.955 ERROR --- [restartedMain] o.s.b.d.LoggingFailureAnalysisReporter : 

***************************
APPLICATION FAILED TO START
***************************

Description:

Failed to configure a DataSource: 'url' attribute is not specified and no embedded datasource could be configured.

Reason: Failed to determine a suitable driver class


Action:

Consider the following:
	If you want an embedded database (H2, HSQL or Derby), please put it on the classpath.
	If you have database settings to be loaded from a particular profile you may need to activate it (no profiles are currently active).
 
2021:04:01 00:13:25.518 INFO  --- [restartedMain] com.weather.demo.DemoApplication : Starting DemoApplication using Java 1.8.0_161 on DESKTOP-JGQ1FNH with PID 11860 (C:\GitHub\WeatherAPI\demo\target\classes started by saza in C:\GitHub\WeatherAPI\demo) 
2021:04:01 00:13:25.520 INFO  --- [restartedMain] com.weather.demo.DemoApplication : No active profile set, falling back to default profiles: default 
2021:04:01 00:13:25.553 INFO  --- [restartedMain] o.s.b.d.restart.ChangeableUrls : The Class-Path manifest attribute in C:\MyStudy\70_spring\mvn_repository\com\oracle\database\jdbc\ojdbc8\19.8.0.0\ojdbc8-19.8.0.0.jar referenced one or more files that do not exist: file:/C:/MyStudy/70_spring/mvn_repository/com/oracle/database/jdbc/ojdbc8/19.8.0.0/oraclepki.jar 
2021:04:01 00:13:25.553 INFO  --- [restartedMain] o.s.b.d.e.DevToolsPropertyDefaultsPostProcessor : Devtools property defaults active! Set 'spring.devtools.add-properties' to 'false' to disable 
2021:04:01 00:13:25.553 INFO  --- [restartedMain] o.s.b.d.e.DevToolsPropertyDefaultsPostProcessor : For additional web related logging consider setting the 'logging.level.web' property to 'DEBUG' 
2021:04:01 00:13:26.185 INFO  --- [restartedMain] o.s.c.s.PostProcessorRegistrationDelegate$BeanPostProcessorChecker : Bean 'org.springframework.ws.config.annotation.DelegatingWsConfiguration' of type [org.springframework.ws.config.annotation.DelegatingWsConfiguration$$EnhancerBySpringCGLIB$$64dad08d] is not eligible for getting processed by all BeanPostProcessors (for example: not eligible for auto-proxying) 
2021:04:01 00:13:26.208 INFO  --- [restartedMain] o.s.w.s.a.s.AnnotationActionEndpointMapping : Supporting [WS-Addressing August 2004, WS-Addressing 1.0] 
2021:04:01 00:13:26.451 INFO  --- [restartedMain] o.s.b.w.e.tomcat.TomcatWebServer : Tomcat initialized with port(s): 8080 (http) 
2021:04:01 00:13:26.460 INFO  --- [restartedMain] o.a.catalina.core.StandardService : Starting service [Tomcat] 
2021:04:01 00:13:26.460 INFO  --- [restartedMain] o.a.catalina.core.StandardEngine : Starting Servlet engine: [Apache Tomcat/9.0.44] 
2021:04:01 00:13:26.531 INFO  --- [restartedMain] o.a.c.c.C.[Tomcat].[localhost].[/] : Initializing Spring embedded WebApplicationContext 
2021:04:01 00:13:26.531 INFO  --- [restartedMain] o.s.b.w.s.c.ServletWebServerApplicationContext : Root WebApplicationContext: initialization completed in 977 ms 
2021:04:01 00:13:27.159 INFO  --- [restartedMain] o.s.s.c.ThreadPoolTaskExecutor : Initializing ExecutorService 'applicationTaskExecutor' 
2021:04:01 00:13:27.571 INFO  --- [restartedMain] o.s.b.d.a.OptionalLiveReloadServer : LiveReload server is running on port 35729 
2021:04:01 00:13:27.598 INFO  --- [restartedMain] o.s.b.w.e.tomcat.TomcatWebServer : Tomcat started on port(s): 8080 (http) with context path '' 
2021:04:01 00:13:27.605 INFO  --- [restartedMain] com.weather.demo.DemoApplication : Started DemoApplication in 2.419 seconds (JVM running for 3.095) 
2021:04:01 00:13:34.183 INFO  --- [http-nio-8080-exec-1] o.a.c.c.C.[Tomcat].[localhost].[/] : Initializing Spring DispatcherServlet 'dispatcherServlet' 
2021:04:01 00:13:34.185 INFO  --- [http-nio-8080-exec-1] o.s.web.servlet.DispatcherServlet : Initializing Servlet 'dispatcherServlet' 
2021:04:01 00:13:34.188 INFO  --- [http-nio-8080-exec-1] o.s.web.servlet.DispatcherServlet : Completed initialization in 1 ms 
2021:04:01 00:13:34.243 INFO  --- [http-nio-8080-exec-1] com.zaxxer.hikari.HikariDataSource : HikariPool-1 - Starting... 
2021:04:01 00:13:36.749 INFO  --- [http-nio-8080-exec-1] com.zaxxer.hikari.HikariDataSource : HikariPool-1 - Start completed. 
2021:04:01 00:14:17.070 INFO  --- [RMI TCP Connection(2)-127.0.0.1] o.s.b.a.SpringApplicationAdminMXBeanRegistrar$SpringApplicationAdmin : Application shutdown requested. 
2021:04:01 00:14:17.233 INFO  --- [RMI TCP Connection(2)-127.0.0.1] o.s.s.c.ThreadPoolTaskExecutor : Shutting down ExecutorService 'applicationTaskExecutor' 
2021:04:01 00:14:17.235 INFO  --- [RMI TCP Connection(2)-127.0.0.1] com.zaxxer.hikari.HikariDataSource : HikariPool-1 - Shutdown initiated... 
2021:04:01 00:14:19.152 INFO  --- [RMI TCP Connection(2)-127.0.0.1] com.zaxxer.hikari.HikariDataSource : HikariPool-1 - Shutdown completed. 
