2021:03:31 23:47:12.461 INFO  --- [restartedMain] com.weather.demo.DemoApplication : Starting DemoApplication using Java 1.8.0_161 on DESKTOP-JGQ1FNH with PID 11536 (C:\GitHub\WeatherAPI\demo\target\classes started by saza in C:\GitHub\WeatherAPI\demo) 
2021:03:31 23:47:12.464 INFO  --- [restartedMain] com.weather.demo.DemoApplication : No active profile set, falling back to default profiles: default 
2021:03:31 23:47:12.497 WARN  --- [restartedMain] o.s.b.c.c.ConfigDataEnvironment : Property 'spring.profiles' imported from location 'class path resource [application.properties]' is invalid and should be replaced with 'spring.config.activate.on-profile' [origin: class path resource [application.properties] - 15:18] 
2021:03:31 23:47:12.497 INFO  --- [restartedMain] o.s.b.d.restart.ChangeableUrls : The Class-Path manifest attribute in C:\MyStudy\70_spring\mvn_repository\com\oracle\database\jdbc\ojdbc8\19.8.0.0\ojdbc8-19.8.0.0.jar referenced one or more files that do not exist: file:/C:/MyStudy/70_spring/mvn_repository/com/oracle/database/jdbc/ojdbc8/19.8.0.0/oraclepki.jar 
2021:03:31 23:47:12.497 INFO  --- [restartedMain] o.s.b.d.e.DevToolsPropertyDefaultsPostProcessor : Devtools property defaults active! Set 'spring.devtools.add-properties' to 'false' to disable 
2021:03:31 23:47:12.497 INFO  --- [restartedMain] o.s.b.d.e.DevToolsPropertyDefaultsPostProcessor : For additional web related logging consider setting the 'logging.level.web' property to 'DEBUG' 
2021:03:31 23:47:13.150 INFO  --- [restartedMain] o.s.c.s.PostProcessorRegistrationDelegate$BeanPostProcessorChecker : Bean 'org.springframework.ws.config.annotation.DelegatingWsConfiguration' of type [org.springframework.ws.config.annotation.DelegatingWsConfiguration$$EnhancerBySpringCGLIB$$e4ac3ad4] is not eligible for getting processed by all BeanPostProcessors (for example: not eligible for auto-proxying) 
2021:03:31 23:47:13.175 INFO  --- [restartedMain] o.s.w.s.a.s.AnnotationActionEndpointMapping : Supporting [WS-Addressing August 2004, WS-Addressing 1.0] 
2021:03:31 23:47:13.428 INFO  --- [restartedMain] o.s.b.w.e.tomcat.TomcatWebServer : Tomcat initialized with port(s): 8080 (http) 
2021:03:31 23:47:13.437 INFO  --- [restartedMain] o.a.catalina.core.StandardService : Starting service [Tomcat] 
2021:03:31 23:47:13.437 INFO  --- [restartedMain] o.a.catalina.core.StandardEngine : Starting Servlet engine: [Apache Tomcat/9.0.44] 
2021:03:31 23:47:13.509 INFO  --- [restartedMain] o.a.c.c.C.[Tomcat].[localhost].[/] : Initializing Spring embedded WebApplicationContext 
2021:03:31 23:47:13.511 INFO  --- [restartedMain] o.s.b.w.s.c.ServletWebServerApplicationContext : Root WebApplicationContext: initialization completed in 1013 ms 
2021:03:31 23:47:13.625 WARN  --- [restartedMain] o.s.b.w.s.c.AnnotationConfigServletWebServerApplicationContext : Exception encountered during context initialization - cancelling refresh attempt: org.springframework.beans.factory.UnsatisfiedDependencyException: Error creating bean with name 'APIController': Unsatisfied dependency expressed through field 'weatherDAO'; nested exception is org.springframework.beans.factory.UnsatisfiedDependencyException: Error creating bean with name 'weatherDAO' defined in file [C:\GitHub\WeatherAPI\demo\target\classes\com\weather\service\WeatherDAO.class]: Unsatisfied dependency expressed through bean property 'sqlSessionFactory'; nested exception is org.springframework.beans.factory.UnsatisfiedDependencyException: Error creating bean with name 'sqlSessionFactory' defined in com.weather.demo.DemoApplication: Unsatisfied dependency expressed through method 'sqlSessionFactory' parameter 0; nested exception is org.springframework.beans.factory.BeanCreationException: Error creating bean with name 'dataSource' defined in class path resource [org/springframework/boot/autoconfigure/jdbc/DataSourceConfiguration$Hikari.class]: Bean instantiation via factory method failed; nested exception is org.springframework.beans.BeanInstantiationException: Failed to instantiate [com.zaxxer.hikari.HikariDataSource]: Factory method 'dataSource' threw exception; nested exception is org.springframework.boot.autoconfigure.jdbc.DataSourceProperties$DataSourceBeanCreationException: Failed to determine a suitable driver class 
2021:03:31 23:47:13.628 INFO  --- [restartedMain] o.a.catalina.core.StandardService : Stopping service [Tomcat] 
2021:03:31 23:47:13.657 INFO  --- [restartedMain] o.s.b.a.l.ConditionEvaluationReportLoggingListener : 

Error starting ApplicationContext. To display the conditions report re-run your application with 'debug' enabled. 
2021:03:31 23:47:13.676 ERROR --- [restartedMain] o.s.b.d.LoggingFailureAnalysisReporter : 

***************************
APPLICATION FAILED TO START
***************************

Description:

Failed to configure a DataSource: 'url' attribute is not specified and no embedded datasource could be configured.

Reason: Failed to determine a suitable driver class


Action:

Consider the following:
	If you want an embedded database (H2, HSQL or Derby), please put it on the classpath.
	If you have database settings to be loaded from a particular profile you may need to activate it (no profiles are currently active).
 
