2021:04:03 00:01:13.281 INFO  --- [restartedMain] com.weather.demo.DemoApplication : Starting DemoApplication using Java 1.8.0_161 on DESKTOP-JGQ1FNH with PID 11572 (C:\GitHub\RESTful-API\demo\target\classes started by saza in C:\GitHub\RESTful-API\demo) 
2021:04:03 00:01:13.288 INFO  --- [restartedMain] com.weather.demo.DemoApplication : No active profile set, falling back to default profiles: default 
2021:04:03 00:01:13.330 WARN  --- [restartedMain] o.s.b.c.c.ConfigDataEnvironment : Property 'spring.profiles' imported from location 'class path resource [application.properties]' is invalid and should be replaced with 'spring.config.activate.on-profile' [origin: class path resource [application.properties] - 15:18] 
2021:04:03 00:01:13.332 INFO  --- [restartedMain] o.s.b.d.restart.ChangeableUrls : The Class-Path manifest attribute in C:\MyStudy\70_spring\mvn_repository\com\oracle\database\jdbc\ojdbc8\19.8.0.0\ojdbc8-19.8.0.0.jar referenced one or more files that do not exist: file:/C:/MyStudy/70_spring/mvn_repository/com/oracle/database/jdbc/ojdbc8/19.8.0.0/oraclepki.jar 
2021:04:03 00:01:13.332 INFO  --- [restartedMain] o.s.b.d.e.DevToolsPropertyDefaultsPostProcessor : Devtools property defaults active! Set 'spring.devtools.add-properties' to 'false' to disable 
2021:04:03 00:01:13.332 INFO  --- [restartedMain] o.s.b.d.e.DevToolsPropertyDefaultsPostProcessor : For additional web related logging consider setting the 'logging.level.web' property to 'DEBUG' 
2021:04:03 00:01:14.049 INFO  --- [restartedMain] o.s.c.s.PostProcessorRegistrationDelegate$BeanPostProcessorChecker : Bean 'org.springframework.ws.config.annotation.DelegatingWsConfiguration' of type [org.springframework.ws.config.annotation.DelegatingWsConfiguration$$EnhancerBySpringCGLIB$$98ea7210] is not eligible for getting processed by all BeanPostProcessors (for example: not eligible for auto-proxying) 
2021:04:03 00:01:14.074 INFO  --- [restartedMain] o.s.w.s.a.s.AnnotationActionEndpointMapping : Supporting [WS-Addressing August 2004, WS-Addressing 1.0] 
2021:04:03 00:01:14.320 INFO  --- [restartedMain] o.s.b.w.e.tomcat.TomcatWebServer : Tomcat initialized with port(s): 8080 (http) 
2021:04:03 00:01:14.330 INFO  --- [restartedMain] o.a.catalina.core.StandardService : Starting service [Tomcat] 
2021:04:03 00:01:14.330 INFO  --- [restartedMain] o.a.catalina.core.StandardEngine : Starting Servlet engine: [Apache Tomcat/9.0.44] 
2021:04:03 00:01:14.398 INFO  --- [restartedMain] o.a.c.c.C.[Tomcat].[localhost].[/] : Initializing Spring embedded WebApplicationContext 
2021:04:03 00:01:14.398 INFO  --- [restartedMain] o.s.b.w.s.c.ServletWebServerApplicationContext : Root WebApplicationContext: initialization completed in 1065 ms 
2021:04:03 00:01:14.516 WARN  --- [restartedMain] o.s.b.w.s.c.AnnotationConfigServletWebServerApplicationContext : Exception encountered during context initialization - cancelling refresh attempt: org.springframework.beans.factory.UnsatisfiedDependencyException: Error creating bean with name 'APIController': Unsatisfied dependency expressed through field 'weatherDAO'; nested exception is org.springframework.beans.factory.UnsatisfiedDependencyException: Error creating bean with name 'weatherDAO' defined in file [C:\GitHub\RESTful-API\demo\target\classes\com\weather\service\WeatherDAO.class]: Unsatisfied dependency expressed through bean property 'sqlSessionFactory'; nested exception is org.springframework.beans.factory.UnsatisfiedDependencyException: Error creating bean with name 'sqlSessionFactory' defined in com.weather.demo.DemoApplication: Unsatisfied dependency expressed through method 'sqlSessionFactory' parameter 0; nested exception is org.springframework.beans.factory.BeanCreationException: Error creating bean with name 'dataSource' defined in class path resource [org/springframework/boot/autoconfigure/jdbc/DataSourceConfiguration$Hikari.class]: Bean instantiation via factory method failed; nested exception is org.springframework.beans.BeanInstantiationException: Failed to instantiate [com.zaxxer.hikari.HikariDataSource]: Factory method 'dataSource' threw exception; nested exception is org.springframework.boot.autoconfigure.jdbc.DataSourceProperties$DataSourceBeanCreationException: Failed to determine a suitable driver class 
2021:04:03 00:01:14.518 INFO  --- [restartedMain] o.a.catalina.core.StandardService : Stopping service [Tomcat] 
2021:04:03 00:01:14.549 INFO  --- [restartedMain] o.s.b.a.l.ConditionEvaluationReportLoggingListener : 

Error starting ApplicationContext. To display the conditions report re-run your application with 'debug' enabled. 
2021:04:03 00:01:14.565 ERROR --- [restartedMain] o.s.b.d.LoggingFailureAnalysisReporter : 

***************************
APPLICATION FAILED TO START
***************************

Description:

Failed to configure a DataSource: 'url' attribute is not specified and no embedded datasource could be configured.

Reason: Failed to determine a suitable driver class


Action:

Consider the following:
	If you want an embedded database (H2, HSQL or Derby), please put it on the classpath.
	If you have database settings to be loaded from a particular profile you may need to activate it (no profiles are currently active).
 
2021:04:03 00:03:06.314 INFO  --- [restartedMain] com.weather.demo.DemoApplication : Starting DemoApplication using Java 1.8.0_161 on DESKTOP-JGQ1FNH with PID 2880 (C:\GitHub\RESTful-API\demo\target\classes started by saza in C:\GitHub\RESTful-API\demo) 
2021:04:03 00:03:06.320 INFO  --- [restartedMain] com.weather.demo.DemoApplication : No active profile set, falling back to default profiles: default 
2021:04:03 00:03:06.338 WARN  --- [restartedMain] o.s.b.c.c.ConfigDataEnvironment : Property 'spring.profiles' imported from location 'class path resource [application.properties]' is invalid and should be replaced with 'spring.config.activate.on-profile' [origin: class path resource [application.properties] - 15:18] 
2021:04:03 00:03:06.338 INFO  --- [restartedMain] o.s.b.d.restart.ChangeableUrls : The Class-Path manifest attribute in C:\MyStudy\70_spring\mvn_repository\com\oracle\database\jdbc\ojdbc8\19.8.0.0\ojdbc8-19.8.0.0.jar referenced one or more files that do not exist: file:/C:/MyStudy/70_spring/mvn_repository/com/oracle/database/jdbc/ojdbc8/19.8.0.0/oraclepki.jar 
2021:04:03 00:03:06.338 INFO  --- [restartedMain] o.s.b.d.e.DevToolsPropertyDefaultsPostProcessor : Devtools property defaults active! Set 'spring.devtools.add-properties' to 'false' to disable 
2021:04:03 00:03:06.354 INFO  --- [restartedMain] o.s.b.d.e.DevToolsPropertyDefaultsPostProcessor : For additional web related logging consider setting the 'logging.level.web' property to 'DEBUG' 
2021:04:03 00:03:06.984 INFO  --- [restartedMain] o.s.c.s.PostProcessorRegistrationDelegate$BeanPostProcessorChecker : Bean 'org.springframework.ws.config.annotation.DelegatingWsConfiguration' of type [org.springframework.ws.config.annotation.DelegatingWsConfiguration$$EnhancerBySpringCGLIB$$7c474555] is not eligible for getting processed by all BeanPostProcessors (for example: not eligible for auto-proxying) 
2021:04:03 00:03:07.016 INFO  --- [restartedMain] o.s.w.s.a.s.AnnotationActionEndpointMapping : Supporting [WS-Addressing August 2004, WS-Addressing 1.0] 
2021:04:03 00:03:07.263 INFO  --- [restartedMain] o.s.b.w.e.tomcat.TomcatWebServer : Tomcat initialized with port(s): 8080 (http) 
2021:04:03 00:03:07.263 INFO  --- [restartedMain] o.a.catalina.core.StandardService : Starting service [Tomcat] 
2021:04:03 00:03:07.263 INFO  --- [restartedMain] o.a.catalina.core.StandardEngine : Starting Servlet engine: [Apache Tomcat/9.0.44] 
2021:04:03 00:03:07.332 INFO  --- [restartedMain] o.a.c.c.C.[Tomcat].[localhost].[/] : Initializing Spring embedded WebApplicationContext 
2021:04:03 00:03:07.345 INFO  --- [restartedMain] o.s.b.w.s.c.ServletWebServerApplicationContext : Root WebApplicationContext: initialization completed in 991 ms 
2021:04:03 00:03:07.448 WARN  --- [restartedMain] o.s.b.w.s.c.AnnotationConfigServletWebServerApplicationContext : Exception encountered during context initialization - cancelling refresh attempt: org.springframework.beans.factory.UnsatisfiedDependencyException: Error creating bean with name 'APIController': Unsatisfied dependency expressed through field 'weatherDAO'; nested exception is org.springframework.beans.factory.UnsatisfiedDependencyException: Error creating bean with name 'weatherDAO' defined in file [C:\GitHub\RESTful-API\demo\target\classes\com\weather\service\WeatherDAO.class]: Unsatisfied dependency expressed through bean property 'sqlSessionFactory'; nested exception is org.springframework.beans.factory.UnsatisfiedDependencyException: Error creating bean with name 'sqlSessionFactory' defined in com.weather.demo.DemoApplication: Unsatisfied dependency expressed through method 'sqlSessionFactory' parameter 0; nested exception is org.springframework.beans.factory.BeanCreationException: Error creating bean with name 'dataSource' defined in class path resource [org/springframework/boot/autoconfigure/jdbc/DataSourceConfiguration$Hikari.class]: Bean instantiation via factory method failed; nested exception is org.springframework.beans.BeanInstantiationException: Failed to instantiate [com.zaxxer.hikari.HikariDataSource]: Factory method 'dataSource' threw exception; nested exception is org.springframework.boot.autoconfigure.jdbc.DataSourceProperties$DataSourceBeanCreationException: Failed to determine a suitable driver class 
2021:04:03 00:03:07.448 INFO  --- [restartedMain] o.a.catalina.core.StandardService : Stopping service [Tomcat] 
2021:04:03 00:03:07.501 ERROR --- [restartedMain] o.s.b.d.LoggingFailureAnalysisReporter : 

***************************
APPLICATION FAILED TO START
***************************

Description:

Failed to configure a DataSource: 'url' attribute is not specified and no embedded datasource could be configured.

Reason: Failed to determine a suitable driver class


Action:

Consider the following:
	If you want an embedded database (H2, HSQL or Derby), please put it on the classpath.
	If you have database settings to be loaded from a particular profile you may need to activate it (no profiles are currently active).
 
2021:04:03 00:04:52.143 INFO  --- [restartedMain] com.weather.demo.DemoApplication : Starting DemoApplication using Java 1.8.0_161 on DESKTOP-JGQ1FNH with PID 14080 (C:\GitHub\RESTful-API\demo\target\classes started by saza in C:\GitHub\RESTful-API\demo) 
2021:04:03 00:04:52.152 INFO  --- [restartedMain] com.weather.demo.DemoApplication : No active profile set, falling back to default profiles: default 
2021:04:03 00:04:52.170 INFO  --- [restartedMain] o.s.b.d.restart.ChangeableUrls : The Class-Path manifest attribute in C:\MyStudy\70_spring\mvn_repository\com\oracle\database\jdbc\ojdbc8\19.8.0.0\ojdbc8-19.8.0.0.jar referenced one or more files that do not exist: file:/C:/MyStudy/70_spring/mvn_repository/com/oracle/database/jdbc/ojdbc8/19.8.0.0/oraclepki.jar 
2021:04:03 00:04:52.170 INFO  --- [restartedMain] o.s.b.d.e.DevToolsPropertyDefaultsPostProcessor : Devtools property defaults active! Set 'spring.devtools.add-properties' to 'false' to disable 
2021:04:03 00:04:52.170 INFO  --- [restartedMain] o.s.b.d.e.DevToolsPropertyDefaultsPostProcessor : For additional web related logging consider setting the 'logging.level.web' property to 'DEBUG' 
2021:04:03 00:04:52.807 INFO  --- [restartedMain] o.s.c.s.PostProcessorRegistrationDelegate$BeanPostProcessorChecker : Bean 'org.springframework.ws.config.annotation.DelegatingWsConfiguration' of type [org.springframework.ws.config.annotation.DelegatingWsConfiguration$$EnhancerBySpringCGLIB$$782ced95] is not eligible for getting processed by all BeanPostProcessors (for example: not eligible for auto-proxying) 
2021:04:03 00:04:52.838 INFO  --- [restartedMain] o.s.w.s.a.s.AnnotationActionEndpointMapping : Supporting [WS-Addressing August 2004, WS-Addressing 1.0] 
2021:04:03 00:04:53.076 INFO  --- [restartedMain] o.s.b.w.e.tomcat.TomcatWebServer : Tomcat initialized with port(s): 8080 (http) 
2021:04:03 00:04:53.092 INFO  --- [restartedMain] o.a.catalina.core.StandardService : Starting service [Tomcat] 
2021:04:03 00:04:53.092 INFO  --- [restartedMain] o.a.catalina.core.StandardEngine : Starting Servlet engine: [Apache Tomcat/9.0.44] 
2021:04:03 00:04:53.177 INFO  --- [restartedMain] o.a.c.c.C.[Tomcat].[localhost].[/] : Initializing Spring embedded WebApplicationContext 
2021:04:03 00:04:53.178 INFO  --- [restartedMain] o.s.b.w.s.c.ServletWebServerApplicationContext : Root WebApplicationContext: initialization completed in 993 ms 
2021:04:03 00:04:53.810 INFO  --- [restartedMain] o.s.s.c.ThreadPoolTaskExecutor : Initializing ExecutorService 'applicationTaskExecutor' 
2021:04:03 00:04:54.232 INFO  --- [restartedMain] o.s.b.d.a.OptionalLiveReloadServer : LiveReload server is running on port 35729 
2021:04:03 00:04:54.248 WARN  --- [restartedMain] o.s.b.w.s.c.AnnotationConfigServletWebServerApplicationContext : Exception encountered during context initialization - cancelling refresh attempt: org.springframework.context.ApplicationContextException: Failed to start bean 'webServerStartStop'; nested exception is org.springframework.boot.web.server.PortInUseException: Port 8080 is already in use 
2021:04:03 00:04:54.248 INFO  --- [restartedMain] o.s.s.c.ThreadPoolTaskExecutor : Shutting down ExecutorService 'applicationTaskExecutor' 
2021:04:03 00:04:54.248 INFO  --- [restartedMain] o.a.catalina.core.StandardService : Stopping service [Tomcat] 
2021:04:03 00:04:54.280 ERROR --- [restartedMain] o.s.b.d.LoggingFailureAnalysisReporter : 

***************************
APPLICATION FAILED TO START
***************************

Description:

Web server failed to start. Port 8080 was already in use.

Action:

Identify and stop the process that's listening on port 8080 or configure this application to listen on another port.
 
2021:04:03 00:05:02.789 INFO  --- [restartedMain] com.weather.demo.DemoApplication : Starting DemoApplication using Java 1.8.0_161 on DESKTOP-JGQ1FNH with PID 13036 (C:\GitHub\RESTful-API\demo\target\classes started by saza in C:\GitHub\RESTful-API\demo) 
2021:04:03 00:05:02.805 INFO  --- [restartedMain] com.weather.demo.DemoApplication : No active profile set, falling back to default profiles: default 
2021:04:03 00:05:02.822 INFO  --- [restartedMain] o.s.b.d.restart.ChangeableUrls : The Class-Path manifest attribute in C:\MyStudy\70_spring\mvn_repository\com\oracle\database\jdbc\ojdbc8\19.8.0.0\ojdbc8-19.8.0.0.jar referenced one or more files that do not exist: file:/C:/MyStudy/70_spring/mvn_repository/com/oracle/database/jdbc/ojdbc8/19.8.0.0/oraclepki.jar 
2021:04:03 00:05:02.822 INFO  --- [restartedMain] o.s.b.d.e.DevToolsPropertyDefaultsPostProcessor : Devtools property defaults active! Set 'spring.devtools.add-properties' to 'false' to disable 
2021:04:03 00:05:02.822 INFO  --- [restartedMain] o.s.b.d.e.DevToolsPropertyDefaultsPostProcessor : For additional web related logging consider setting the 'logging.level.web' property to 'DEBUG' 
2021:04:03 00:05:03.484 INFO  --- [restartedMain] o.s.c.s.PostProcessorRegistrationDelegate$BeanPostProcessorChecker : Bean 'org.springframework.ws.config.annotation.DelegatingWsConfiguration' of type [org.springframework.ws.config.annotation.DelegatingWsConfiguration$$EnhancerBySpringCGLIB$$199a0521] is not eligible for getting processed by all BeanPostProcessors (for example: not eligible for auto-proxying) 
2021:04:03 00:05:03.506 INFO  --- [restartedMain] o.s.w.s.a.s.AnnotationActionEndpointMapping : Supporting [WS-Addressing August 2004, WS-Addressing 1.0] 
2021:04:03 00:05:03.737 INFO  --- [restartedMain] o.s.b.w.e.tomcat.TomcatWebServer : Tomcat initialized with port(s): 8080 (http) 
2021:04:03 00:05:03.753 INFO  --- [restartedMain] o.a.catalina.core.StandardService : Starting service [Tomcat] 
2021:04:03 00:05:03.753 INFO  --- [restartedMain] o.a.catalina.core.StandardEngine : Starting Servlet engine: [Apache Tomcat/9.0.44] 
2021:04:03 00:05:03.822 INFO  --- [restartedMain] o.a.c.c.C.[Tomcat].[localhost].[/] : Initializing Spring embedded WebApplicationContext 
2021:04:03 00:05:03.833 INFO  --- [restartedMain] o.s.b.w.s.c.ServletWebServerApplicationContext : Root WebApplicationContext: initialization completed in 1011 ms 
2021:04:03 00:05:04.455 INFO  --- [restartedMain] o.s.s.c.ThreadPoolTaskExecutor : Initializing ExecutorService 'applicationTaskExecutor' 
2021:04:03 00:05:04.885 INFO  --- [restartedMain] o.s.b.d.a.OptionalLiveReloadServer : LiveReload server is running on port 35729 
2021:04:03 00:05:04.909 INFO  --- [restartedMain] o.s.b.w.e.tomcat.TomcatWebServer : Tomcat started on port(s): 8080 (http) with context path '' 
2021:04:03 00:05:04.924 INFO  --- [restartedMain] com.weather.demo.DemoApplication : Started DemoApplication in 2.451 seconds (JVM running for 3.131) 
2021:04:03 00:05:11.141 INFO  --- [http-nio-8080-exec-2] o.a.c.c.C.[Tomcat].[localhost].[/] : Initializing Spring DispatcherServlet 'dispatcherServlet' 
2021:04:03 00:05:11.143 INFO  --- [http-nio-8080-exec-2] o.s.web.servlet.DispatcherServlet : Initializing Servlet 'dispatcherServlet' 
2021:04:03 00:05:11.149 INFO  --- [http-nio-8080-exec-2] o.s.web.servlet.DispatcherServlet : Completed initialization in 6 ms 
2021:04:03 00:05:11.217 INFO  --- [http-nio-8080-exec-2] com.zaxxer.hikari.HikariDataSource : HikariPool-1 - Starting... 
2021:04:03 00:05:13.846 INFO  --- [http-nio-8080-exec-2] com.zaxxer.hikari.HikariDataSource : HikariPool-1 - Start completed. 
2021:04:03 00:06:18.706 INFO  --- [Thread-6] o.s.s.c.ThreadPoolTaskExecutor : Shutting down ExecutorService 'applicationTaskExecutor' 
2021:04:03 00:06:18.706 INFO  --- [Thread-6] com.zaxxer.hikari.HikariDataSource : HikariPool-1 - Shutdown initiated... 
2021:04:03 00:06:20.646 INFO  --- [Thread-6] com.zaxxer.hikari.HikariDataSource : HikariPool-1 - Shutdown completed. 
2021:04:03 00:06:20.836 INFO  --- [restartedMain] com.weather.demo.DemoApplication : Starting DemoApplication using Java 1.8.0_161 on DESKTOP-JGQ1FNH with PID 13036 (C:\GitHub\RESTful-API\demo\target\classes started by saza in C:\GitHub\RESTful-API\demo) 
2021:04:03 00:06:20.836 INFO  --- [restartedMain] com.weather.demo.DemoApplication : No active profile set, falling back to default profiles: default 
2021:04:03 00:06:21.036 INFO  --- [restartedMain] o.s.c.s.PostProcessorRegistrationDelegate$BeanPostProcessorChecker : Bean 'org.springframework.ws.config.annotation.DelegatingWsConfiguration' of type [org.springframework.ws.config.annotation.DelegatingWsConfiguration$$EnhancerBySpringCGLIB$$199a0521] is not eligible for getting processed by all BeanPostProcessors (for example: not eligible for auto-proxying) 
2021:04:03 00:06:21.036 INFO  --- [restartedMain] o.s.w.s.a.s.AnnotationActionEndpointMapping : Supporting [WS-Addressing August 2004, WS-Addressing 1.0] 
2021:04:03 00:06:21.106 INFO  --- [restartedMain] o.s.b.w.e.tomcat.TomcatWebServer : Tomcat initialized with port(s): 8080 (http) 
2021:04:03 00:06:21.106 INFO  --- [restartedMain] o.a.catalina.core.StandardService : Starting service [Tomcat] 
2021:04:03 00:06:21.106 INFO  --- [restartedMain] o.a.catalina.core.StandardEngine : Starting Servlet engine: [Apache Tomcat/9.0.44] 
2021:04:03 00:06:21.126 INFO  --- [restartedMain] o.a.c.c.C.[Tomcat].[localhost].[/] : Initializing Spring embedded WebApplicationContext 
2021:04:03 00:06:21.126 INFO  --- [restartedMain] o.s.b.w.s.c.ServletWebServerApplicationContext : Root WebApplicationContext: initialization completed in 280 ms 
2021:04:03 00:06:21.221 INFO  --- [restartedMain] o.s.s.c.ThreadPoolTaskExecutor : Initializing ExecutorService 'applicationTaskExecutor' 
2021:04:03 00:06:21.286 INFO  --- [restartedMain] o.s.b.d.a.OptionalLiveReloadServer : LiveReload server is running on port 35729 
2021:04:03 00:06:21.296 INFO  --- [restartedMain] o.s.b.w.e.tomcat.TomcatWebServer : Tomcat started on port(s): 8080 (http) with context path '' 
2021:04:03 00:06:21.296 INFO  --- [restartedMain] com.weather.demo.DemoApplication : Started DemoApplication in 0.5 seconds (JVM running for 79.507) 
2021:04:03 00:06:21.296 INFO  --- [restartedMain] o.s.b.d.a.ConditionEvaluationDeltaLoggingListener : Condition evaluation unchanged 
2021:04:03 00:06:26.836 INFO  --- [restartedMain] com.weather.demo.DemoApplication : Starting DemoApplication using Java 1.8.0_161 on DESKTOP-JGQ1FNH with PID 13728 (C:\GitHub\RESTful-API\demo\target\classes started by saza in C:\GitHub\RESTful-API\demo) 
2021:04:03 00:06:26.836 INFO  --- [restartedMain] com.weather.demo.DemoApplication : No active profile set, falling back to default profiles: default 
2021:04:03 00:06:26.866 INFO  --- [restartedMain] o.s.b.d.restart.ChangeableUrls : The Class-Path manifest attribute in C:\MyStudy\70_spring\mvn_repository\com\oracle\database\jdbc\ojdbc8\19.8.0.0\ojdbc8-19.8.0.0.jar referenced one or more files that do not exist: file:/C:/MyStudy/70_spring/mvn_repository/com/oracle/database/jdbc/ojdbc8/19.8.0.0/oraclepki.jar 
2021:04:03 00:06:26.866 INFO  --- [restartedMain] o.s.b.d.e.DevToolsPropertyDefaultsPostProcessor : Devtools property defaults active! Set 'spring.devtools.add-properties' to 'false' to disable 
2021:04:03 00:06:26.866 INFO  --- [restartedMain] o.s.b.d.e.DevToolsPropertyDefaultsPostProcessor : For additional web related logging consider setting the 'logging.level.web' property to 'DEBUG' 
2021:04:03 00:06:27.536 INFO  --- [restartedMain] o.s.c.s.PostProcessorRegistrationDelegate$BeanPostProcessorChecker : Bean 'org.springframework.ws.config.annotation.DelegatingWsConfiguration' of type [org.springframework.ws.config.annotation.DelegatingWsConfiguration$$EnhancerBySpringCGLIB$$6bbeafa0] is not eligible for getting processed by all BeanPostProcessors (for example: not eligible for auto-proxying) 
2021:04:03 00:06:27.566 INFO  --- [restartedMain] o.s.w.s.a.s.AnnotationActionEndpointMapping : Supporting [WS-Addressing August 2004, WS-Addressing 1.0] 
2021:04:03 00:06:27.826 INFO  --- [restartedMain] o.s.b.w.e.tomcat.TomcatWebServer : Tomcat initialized with port(s): 8080 (http) 
2021:04:03 00:06:27.836 INFO  --- [restartedMain] o.a.catalina.core.StandardService : Starting service [Tomcat] 
2021:04:03 00:06:27.836 INFO  --- [restartedMain] o.a.catalina.core.StandardEngine : Starting Servlet engine: [Apache Tomcat/9.0.44] 
2021:04:03 00:06:27.911 INFO  --- [restartedMain] o.a.c.c.C.[Tomcat].[localhost].[/] : Initializing Spring embedded WebApplicationContext 
2021:04:03 00:06:27.911 INFO  --- [restartedMain] o.s.b.w.s.c.ServletWebServerApplicationContext : Root WebApplicationContext: initialization completed in 1045 ms 
2021:04:03 00:06:28.586 INFO  --- [restartedMain] o.s.s.c.ThreadPoolTaskExecutor : Initializing ExecutorService 'applicationTaskExecutor' 
2021:04:03 00:06:29.040 WARN  --- [restartedMain] o.s.b.d.a.OptionalLiveReloadServer : Unable to start LiveReload server 
2021:04:03 00:06:29.056 WARN  --- [restartedMain] o.s.b.w.s.c.AnnotationConfigServletWebServerApplicationContext : Exception encountered during context initialization - cancelling refresh attempt: org.springframework.context.ApplicationContextException: Failed to start bean 'webServerStartStop'; nested exception is org.springframework.boot.web.server.PortInUseException: Port 8080 is already in use 
2021:04:03 00:06:29.056 INFO  --- [restartedMain] o.s.s.c.ThreadPoolTaskExecutor : Shutting down ExecutorService 'applicationTaskExecutor' 
2021:04:03 00:06:29.056 INFO  --- [restartedMain] o.a.catalina.core.StandardService : Stopping service [Tomcat] 
2021:04:03 00:06:29.096 ERROR --- [restartedMain] o.s.b.d.LoggingFailureAnalysisReporter : 

***************************
APPLICATION FAILED TO START
***************************

Description:

Web server failed to start. Port 8080 was already in use.

Action:

Identify and stop the process that's listening on port 8080 or configure this application to listen on another port.
 
2021:04:03 00:06:35.669 INFO  --- [http-nio-8080-exec-2] o.a.c.c.C.[Tomcat].[localhost].[/] : Initializing Spring DispatcherServlet 'dispatcherServlet' 
2021:04:03 00:06:35.670 INFO  --- [http-nio-8080-exec-2] o.s.web.servlet.DispatcherServlet : Initializing Servlet 'dispatcherServlet' 
2021:04:03 00:06:35.671 INFO  --- [http-nio-8080-exec-2] o.s.web.servlet.DispatcherServlet : Completed initialization in 1 ms 
2021:04:03 00:06:35.673 INFO  --- [http-nio-8080-exec-2] com.zaxxer.hikari.HikariDataSource : HikariPool-2 - Starting... 
2021:04:03 00:06:37.693 INFO  --- [http-nio-8080-exec-2] com.zaxxer.hikari.HikariDataSource : HikariPool-2 - Start completed. 
2021:04:03 00:07:06.416 INFO  --- [Thread-13] o.s.s.c.ThreadPoolTaskExecutor : Shutting down ExecutorService 'applicationTaskExecutor' 
2021:04:03 00:07:06.426 INFO  --- [Thread-13] com.zaxxer.hikari.HikariDataSource : HikariPool-2 - Shutdown initiated... 
2021:04:03 00:07:08.366 INFO  --- [Thread-13] com.zaxxer.hikari.HikariDataSource : HikariPool-2 - Shutdown completed. 
2021:04:03 00:07:08.536 INFO  --- [restartedMain] com.weather.demo.DemoApplication : Starting DemoApplication using Java 1.8.0_161 on DESKTOP-JGQ1FNH with PID 13036 (C:\GitHub\RESTful-API\demo\target\classes started by saza in C:\GitHub\RESTful-API\demo) 
2021:04:03 00:07:08.536 INFO  --- [restartedMain] com.weather.demo.DemoApplication : No active profile set, falling back to default profiles: default 
2021:04:03 00:07:08.536 WARN  --- [restartedMain] o.s.b.c.c.ConfigDataEnvironment : Property 'spring.profiles' imported from location 'class path resource [application.properties]' is invalid and should be replaced with 'spring.config.activate.on-profile' [origin: class path resource [application.properties] - 16:18] 
2021:04:03 00:07:08.716 INFO  --- [restartedMain] o.s.c.s.PostProcessorRegistrationDelegate$BeanPostProcessorChecker : Bean 'org.springframework.ws.config.annotation.DelegatingWsConfiguration' of type [org.springframework.ws.config.annotation.DelegatingWsConfiguration$$EnhancerBySpringCGLIB$$199a0521] is not eligible for getting processed by all BeanPostProcessors (for example: not eligible for auto-proxying) 
2021:04:03 00:07:08.716 INFO  --- [restartedMain] o.s.w.s.a.s.AnnotationActionEndpointMapping : Supporting [WS-Addressing August 2004, WS-Addressing 1.0] 
2021:04:03 00:07:08.786 INFO  --- [restartedMain] o.s.b.w.e.tomcat.TomcatWebServer : Tomcat initialized with port(s): 8080 (http) 
2021:04:03 00:07:08.786 INFO  --- [restartedMain] o.a.catalina.core.StandardService : Starting service [Tomcat] 
2021:04:03 00:07:08.786 INFO  --- [restartedMain] o.a.catalina.core.StandardEngine : Starting Servlet engine: [Apache Tomcat/9.0.44] 
2021:04:03 00:07:08.806 INFO  --- [restartedMain] o.a.c.c.C.[Tomcat].[localhost].[/] : Initializing Spring embedded WebApplicationContext 
2021:04:03 00:07:08.806 INFO  --- [restartedMain] o.s.b.w.s.c.ServletWebServerApplicationContext : Root WebApplicationContext: initialization completed in 270 ms 
2021:04:03 00:07:08.831 WARN  --- [restartedMain] o.s.b.w.s.c.AnnotationConfigServletWebServerApplicationContext : Exception encountered during context initialization - cancelling refresh attempt: org.springframework.beans.factory.UnsatisfiedDependencyException: Error creating bean with name 'APIController': Unsatisfied dependency expressed through field 'weatherDAO'; nested exception is org.springframework.beans.factory.UnsatisfiedDependencyException: Error creating bean with name 'weatherDAO' defined in file [C:\GitHub\RESTful-API\demo\target\classes\com\weather\service\WeatherDAO.class]: Unsatisfied dependency expressed through bean property 'sqlSessionFactory'; nested exception is org.springframework.beans.factory.UnsatisfiedDependencyException: Error creating bean with name 'sqlSessionFactory' defined in com.weather.demo.DemoApplication: Unsatisfied dependency expressed through method 'sqlSessionFactory' parameter 0; nested exception is org.springframework.beans.factory.BeanCreationException: Error creating bean with name 'dataSource' defined in class path resource [org/springframework/boot/autoconfigure/jdbc/DataSourceConfiguration$Hikari.class]: Bean instantiation via factory method failed; nested exception is org.springframework.beans.BeanInstantiationException: Failed to instantiate [com.zaxxer.hikari.HikariDataSource]: Factory method 'dataSource' threw exception; nested exception is org.springframework.boot.autoconfigure.jdbc.DataSourceProperties$DataSourceBeanCreationException: Failed to determine a suitable driver class 
2021:04:03 00:07:08.831 INFO  --- [restartedMain] o.a.catalina.core.StandardService : Stopping service [Tomcat] 
2021:04:03 00:07:08.846 ERROR --- [restartedMain] o.s.b.d.LoggingFailureAnalysisReporter : 

***************************
APPLICATION FAILED TO START
***************************

Description:

Failed to configure a DataSource: 'url' attribute is not specified and no embedded datasource could be configured.

Reason: Failed to determine a suitable driver class


Action:

Consider the following:
	If you want an embedded database (H2, HSQL or Derby), please put it on the classpath.
	If you have database settings to be loaded from a particular profile you may need to activate it (no profiles are currently active).
 
2021:04:03 00:07:10.432 INFO  --- [restartedMain] com.weather.demo.DemoApplication : Starting DemoApplication using Java 1.8.0_161 on DESKTOP-JGQ1FNH with PID 13036 (C:\GitHub\RESTful-API\demo\target\classes started by saza in C:\GitHub\RESTful-API\demo) 
2021:04:03 00:07:10.432 INFO  --- [restartedMain] com.weather.demo.DemoApplication : No active profile set, falling back to default profiles: default 
2021:04:03 00:07:10.432 WARN  --- [restartedMain] o.s.b.c.c.ConfigDataEnvironment : Property 'spring.profiles' imported from location 'class path resource [application.properties]' is invalid and should be replaced with 'spring.config.activate.on-profile' [origin: class path resource [application.properties] - 16:18] 
2021:04:03 00:07:10.586 INFO  --- [restartedMain] o.s.c.s.PostProcessorRegistrationDelegate$BeanPostProcessorChecker : Bean 'org.springframework.ws.config.annotation.DelegatingWsConfiguration' of type [org.springframework.ws.config.annotation.DelegatingWsConfiguration$$EnhancerBySpringCGLIB$$199a0521] is not eligible for getting processed by all BeanPostProcessors (for example: not eligible for auto-proxying) 
2021:04:03 00:07:10.586 INFO  --- [restartedMain] o.s.w.s.a.s.AnnotationActionEndpointMapping : Supporting [WS-Addressing August 2004, WS-Addressing 1.0] 
2021:04:03 00:07:10.616 INFO  --- [restartedMain] o.s.b.w.e.tomcat.TomcatWebServer : Tomcat initialized with port(s): 8080 (http) 
2021:04:03 00:07:10.616 INFO  --- [restartedMain] o.a.catalina.core.StandardService : Starting service [Tomcat] 
2021:04:03 00:07:10.616 INFO  --- [restartedMain] o.a.catalina.core.StandardEngine : Starting Servlet engine: [Apache Tomcat/9.0.44] 
2021:04:03 00:07:10.632 INFO  --- [restartedMain] o.a.c.c.C.[.[localhost].[/] : Initializing Spring embedded WebApplicationContext 
2021:04:03 00:07:10.632 INFO  --- [restartedMain] o.s.b.w.s.c.ServletWebServerApplicationContext : Root WebApplicationContext: initialization completed in 200 ms 
2021:04:03 00:07:10.646 WARN  --- [restartedMain] o.s.b.w.s.c.AnnotationConfigServletWebServerApplicationContext : Exception encountered during context initialization - cancelling refresh attempt: org.springframework.beans.factory.UnsatisfiedDependencyException: Error creating bean with name 'APIController': Unsatisfied dependency expressed through field 'weatherDAO'; nested exception is org.springframework.beans.factory.UnsatisfiedDependencyException: Error creating bean with name 'weatherDAO' defined in file [C:\GitHub\RESTful-API\demo\target\classes\com\weather\service\WeatherDAO.class]: Unsatisfied dependency expressed through bean property 'sqlSessionFactory'; nested exception is org.springframework.beans.factory.UnsatisfiedDependencyException: Error creating bean with name 'sqlSessionFactory' defined in com.weather.demo.DemoApplication: Unsatisfied dependency expressed through method 'sqlSessionFactory' parameter 0; nested exception is org.springframework.beans.factory.BeanCreationException: Error creating bean with name 'dataSource' defined in class path resource [org/springframework/boot/autoconfigure/jdbc/DataSourceConfiguration$Hikari.class]: Bean instantiation via factory method failed; nested exception is org.springframework.beans.BeanInstantiationException: Failed to instantiate [com.zaxxer.hikari.HikariDataSource]: Factory method 'dataSource' threw exception; nested exception is org.springframework.boot.autoconfigure.jdbc.DataSourceProperties$DataSourceBeanCreationException: Failed to determine a suitable driver class 
2021:04:03 00:07:10.646 INFO  --- [restartedMain] o.a.catalina.core.StandardService : Stopping service [Tomcat] 
2021:04:03 00:07:10.656 ERROR --- [restartedMain] o.s.b.d.LoggingFailureAnalysisReporter : 

***************************
APPLICATION FAILED TO START
***************************

Description:

Failed to configure a DataSource: 'url' attribute is not specified and no embedded datasource could be configured.

Reason: Failed to determine a suitable driver class


Action:

Consider the following:
	If you want an embedded database (H2, HSQL or Derby), please put it on the classpath.
	If you have database settings to be loaded from a particular profile you may need to activate it (no profiles are currently active).
 
2021:04:03 00:07:42.346 INFO  --- [restartedMain] com.weather.demo.DemoApplication : Starting DemoApplication using Java 1.8.0_161 on DESKTOP-JGQ1FNH with PID 13036 (C:\GitHub\RESTful-API\demo\target\classes started by saza in C:\GitHub\RESTful-API\demo) 
2021:04:03 00:07:42.346 INFO  --- [restartedMain] com.weather.demo.DemoApplication : No active profile set, falling back to default profiles: default 
2021:04:03 00:07:42.346 WARN  --- [restartedMain] o.s.b.c.c.ConfigDataEnvironment : Property 'spring.profiles' imported from location 'class path resource [application.properties]' is invalid and should be replaced with 'spring.config.activate.on-profile' [origin: class path resource [application.properties] - 16:18] 
2021:04:03 00:07:42.536 INFO  --- [restartedMain] o.s.c.s.PostProcessorRegistrationDelegate$BeanPostProcessorChecker : Bean 'org.springframework.ws.config.annotation.DelegatingWsConfiguration' of type [org.springframework.ws.config.annotation.DelegatingWsConfiguration$$EnhancerBySpringCGLIB$$199a0521] is not eligible for getting processed by all BeanPostProcessors (for example: not eligible for auto-proxying) 
2021:04:03 00:07:42.536 INFO  --- [restartedMain] o.s.w.s.a.s.AnnotationActionEndpointMapping : Supporting [WS-Addressing August 2004, WS-Addressing 1.0] 
2021:04:03 00:07:42.606 INFO  --- [restartedMain] o.s.b.w.e.tomcat.TomcatWebServer : Tomcat initialized with port(s): 8080 (http) 
2021:04:03 00:07:42.606 INFO  --- [restartedMain] o.a.catalina.core.StandardService : Starting service [Tomcat] 
2021:04:03 00:07:42.606 INFO  --- [restartedMain] o.a.catalina.core.StandardEngine : Starting Servlet engine: [Apache Tomcat/9.0.44] 
2021:04:03 00:07:42.626 INFO  --- [restartedMain] o.a.c.c.C.[.[localhost].[/] : Initializing Spring embedded WebApplicationContext 
2021:04:03 00:07:42.626 INFO  --- [restartedMain] o.s.b.w.s.c.ServletWebServerApplicationContext : Root WebApplicationContext: initialization completed in 280 ms 
2021:04:03 00:07:42.646 WARN  --- [restartedMain] o.s.b.w.s.c.AnnotationConfigServletWebServerApplicationContext : Exception encountered during context initialization - cancelling refresh attempt: org.springframework.beans.factory.UnsatisfiedDependencyException: Error creating bean with name 'APIController': Unsatisfied dependency expressed through field 'weatherDAO'; nested exception is org.springframework.beans.factory.UnsatisfiedDependencyException: Error creating bean with name 'weatherDAO' defined in file [C:\GitHub\RESTful-API\demo\target\classes\com\weather\service\WeatherDAO.class]: Unsatisfied dependency expressed through bean property 'sqlSessionFactory'; nested exception is org.springframework.beans.factory.UnsatisfiedDependencyException: Error creating bean with name 'sqlSessionFactory' defined in com.weather.demo.DemoApplication: Unsatisfied dependency expressed through method 'sqlSessionFactory' parameter 0; nested exception is org.springframework.beans.factory.BeanCreationException: Error creating bean with name 'dataSource' defined in class path resource [org/springframework/boot/autoconfigure/jdbc/DataSourceConfiguration$Hikari.class]: Bean instantiation via factory method failed; nested exception is org.springframework.beans.BeanInstantiationException: Failed to instantiate [com.zaxxer.hikari.HikariDataSource]: Factory method 'dataSource' threw exception; nested exception is org.springframework.boot.autoconfigure.jdbc.DataSourceProperties$DataSourceBeanCreationException: Failed to determine a suitable driver class 
2021:04:03 00:07:42.646 INFO  --- [restartedMain] o.a.catalina.core.StandardService : Stopping service [Tomcat] 
2021:04:03 00:07:42.656 ERROR --- [restartedMain] o.s.b.d.LoggingFailureAnalysisReporter : 

***************************
APPLICATION FAILED TO START
***************************

Description:

Failed to configure a DataSource: 'url' attribute is not specified and no embedded datasource could be configured.

Reason: Failed to determine a suitable driver class


Action:

Consider the following:
	If you want an embedded database (H2, HSQL or Derby), please put it on the classpath.
	If you have database settings to be loaded from a particular profile you may need to activate it (no profiles are currently active).
 
2021:04:03 00:10:13.096 INFO  --- [restartedMain] com.weather.demo.DemoApplication : Starting DemoApplication using Java 1.8.0_161 on DESKTOP-JGQ1FNH with PID 13036 (C:\GitHub\RESTful-API\demo\target\classes started by saza in C:\GitHub\RESTful-API\demo) 
2021:04:03 00:10:13.096 INFO  --- [restartedMain] com.weather.demo.DemoApplication : No active profile set, falling back to default profiles: default 
2021:04:03 00:10:13.266 INFO  --- [restartedMain] o.s.c.s.PostProcessorRegistrationDelegate$BeanPostProcessorChecker : Bean 'org.springframework.ws.config.annotation.DelegatingWsConfiguration' of type [org.springframework.ws.config.annotation.DelegatingWsConfiguration$$EnhancerBySpringCGLIB$$199a0521] is not eligible for getting processed by all BeanPostProcessors (for example: not eligible for auto-proxying) 
2021:04:03 00:10:13.266 INFO  --- [restartedMain] o.s.w.s.a.s.AnnotationActionEndpointMapping : Supporting [WS-Addressing August 2004, WS-Addressing 1.0] 
2021:04:03 00:10:13.336 INFO  --- [restartedMain] o.s.b.w.e.tomcat.TomcatWebServer : Tomcat initialized with port(s): 8080 (http) 
2021:04:03 00:10:13.336 INFO  --- [restartedMain] o.a.catalina.core.StandardService : Starting service [Tomcat] 
2021:04:03 00:10:13.336 INFO  --- [restartedMain] o.a.catalina.core.StandardEngine : Starting Servlet engine: [Apache Tomcat/9.0.44] 
2021:04:03 00:10:13.356 INFO  --- [restartedMain] o.a.c.c.C.[.[localhost].[/] : Initializing Spring embedded WebApplicationContext 
2021:04:03 00:10:13.356 INFO  --- [restartedMain] o.s.b.w.s.c.ServletWebServerApplicationContext : Root WebApplicationContext: initialization completed in 260 ms 
2021:04:03 00:10:13.446 INFO  --- [restartedMain] o.s.s.c.ThreadPoolTaskExecutor : Initializing ExecutorService 'applicationTaskExecutor' 
2021:04:03 00:10:13.506 INFO  --- [restartedMain] o.s.b.d.a.OptionalLiveReloadServer : LiveReload server is running on port 35729 
2021:04:03 00:10:13.516 INFO  --- [restartedMain] o.s.b.w.e.tomcat.TomcatWebServer : Tomcat started on port(s): 8080 (http) with context path '' 
2021:04:03 00:10:13.516 INFO  --- [restartedMain] com.weather.demo.DemoApplication : Started DemoApplication in 0.475 seconds (JVM running for 311.726) 
2021:04:03 00:10:13.516 INFO  --- [restartedMain] o.s.b.d.a.ConditionEvaluationDeltaLoggingListener : Condition evaluation unchanged 
2021:04:03 00:10:19.376 INFO  --- [Thread-19] o.s.s.c.ThreadPoolTaskExecutor : Shutting down ExecutorService 'applicationTaskExecutor' 
2021:04:03 00:10:19.566 INFO  --- [restartedMain] com.weather.demo.DemoApplication : Starting DemoApplication using Java 1.8.0_161 on DESKTOP-JGQ1FNH with PID 13036 (C:\GitHub\RESTful-API\demo\target\classes started by saza in C:\GitHub\RESTful-API\demo) 
2021:04:03 00:10:19.566 INFO  --- [restartedMain] com.weather.demo.DemoApplication : No active profile set, falling back to default profiles: default 
2021:04:03 00:10:19.726 INFO  --- [restartedMain] o.s.c.s.PostProcessorRegistrationDelegate$BeanPostProcessorChecker : Bean 'org.springframework.ws.config.annotation.DelegatingWsConfiguration' of type [org.springframework.ws.config.annotation.DelegatingWsConfiguration$$EnhancerBySpringCGLIB$$199a0521] is not eligible for getting processed by all BeanPostProcessors (for example: not eligible for auto-proxying) 
2021:04:03 00:10:19.726 INFO  --- [restartedMain] o.s.w.s.a.s.AnnotationActionEndpointMapping : Supporting [WS-Addressing August 2004, WS-Addressing 1.0] 
2021:04:03 00:10:19.751 INFO  --- [restartedMain] o.s.b.w.e.tomcat.TomcatWebServer : Tomcat initialized with port(s): 8080 (http) 
2021:04:03 00:10:19.751 INFO  --- [restartedMain] o.a.catalina.core.StandardService : Starting service [Tomcat] 
2021:04:03 00:10:19.751 INFO  --- [restartedMain] o.a.catalina.core.StandardEngine : Starting Servlet engine: [Apache Tomcat/9.0.44] 
2021:04:03 00:10:19.766 INFO  --- [restartedMain] o.a.c.c.C.[.[localhost].[/] : Initializing Spring embedded WebApplicationContext 
2021:04:03 00:10:19.766 INFO  --- [restartedMain] o.s.b.w.s.c.ServletWebServerApplicationContext : Root WebApplicationContext: initialization completed in 190 ms 
2021:04:03 00:10:19.846 INFO  --- [restartedMain] o.s.s.c.ThreadPoolTaskExecutor : Initializing ExecutorService 'applicationTaskExecutor' 
2021:04:03 00:10:19.906 INFO  --- [restartedMain] o.s.b.d.a.OptionalLiveReloadServer : LiveReload server is running on port 35729 
2021:04:03 00:10:19.916 INFO  --- [restartedMain] o.s.b.w.e.tomcat.TomcatWebServer : Tomcat started on port(s): 8080 (http) with context path '' 
2021:04:03 00:10:19.916 INFO  --- [restartedMain] com.weather.demo.DemoApplication : Started DemoApplication in 0.384 seconds (JVM running for 318.127) 
2021:04:03 00:10:19.916 INFO  --- [restartedMain] o.s.b.d.a.ConditionEvaluationDeltaLoggingListener : Condition evaluation unchanged 
2021:04:03 00:10:22.606 INFO  --- [Thread-33] o.s.s.c.ThreadPoolTaskExecutor : Shutting down ExecutorService 'applicationTaskExecutor' 
2021:04:03 00:10:22.726 INFO  --- [restartedMain] com.weather.demo.DemoApplication : Starting DemoApplication using Java 1.8.0_161 on DESKTOP-JGQ1FNH with PID 13036 (C:\GitHub\RESTful-API\demo\target\classes started by saza in C:\GitHub\RESTful-API\demo) 
2021:04:03 00:10:22.726 INFO  --- [restartedMain] com.weather.demo.DemoApplication : No active profile set, falling back to default profiles: default 
2021:04:03 00:10:22.891 INFO  --- [restartedMain] o.s.c.s.PostProcessorRegistrationDelegate$BeanPostProcessorChecker : Bean 'org.springframework.ws.config.annotation.DelegatingWsConfiguration' of type [org.springframework.ws.config.annotation.DelegatingWsConfiguration$$EnhancerBySpringCGLIB$$199a0521] is not eligible for getting processed by all BeanPostProcessors (for example: not eligible for auto-proxying) 
2021:04:03 00:10:22.896 INFO  --- [restartedMain] o.s.w.s.a.s.AnnotationActionEndpointMapping : Supporting [WS-Addressing August 2004, WS-Addressing 1.0] 
2021:04:03 00:10:22.916 INFO  --- [restartedMain] o.s.b.w.e.tomcat.TomcatWebServer : Tomcat initialized with port(s): 8080 (http) 
2021:04:03 00:10:22.916 INFO  --- [restartedMain] o.a.catalina.core.StandardService : Starting service [Tomcat] 
2021:04:03 00:10:22.916 INFO  --- [restartedMain] o.a.catalina.core.StandardEngine : Starting Servlet engine: [Apache Tomcat/9.0.44] 
2021:04:03 00:10:22.931 INFO  --- [restartedMain] o.a.c.c.C.[.[localhost].[/] : Initializing Spring embedded WebApplicationContext 
2021:04:03 00:10:22.931 INFO  --- [restartedMain] o.s.b.w.s.c.ServletWebServerApplicationContext : Root WebApplicationContext: initialization completed in 205 ms 
2021:04:03 00:10:23.006 INFO  --- [restartedMain] o.s.s.c.ThreadPoolTaskExecutor : Initializing ExecutorService 'applicationTaskExecutor' 
2021:04:03 00:10:23.060 INFO  --- [restartedMain] o.s.b.d.a.OptionalLiveReloadServer : LiveReload server is running on port 35729 
2021:04:03 00:10:23.066 INFO  --- [restartedMain] o.s.b.w.e.tomcat.TomcatWebServer : Tomcat started on port(s): 8080 (http) with context path '' 
2021:04:03 00:10:23.076 INFO  --- [restartedMain] com.weather.demo.DemoApplication : Started DemoApplication in 0.382 seconds (JVM running for 321.283) 
2021:04:03 00:10:23.076 INFO  --- [restartedMain] o.s.b.d.a.ConditionEvaluationDeltaLoggingListener : Condition evaluation unchanged 
2021:04:03 00:10:30.516 INFO  --- [restartedMain] com.weather.demo.DemoApplication : Starting DemoApplication using Java 1.8.0_161 on DESKTOP-JGQ1FNH with PID 13620 (C:\GitHub\RESTful-API\demo\target\classes started by saza in C:\GitHub\RESTful-API\demo) 
2021:04:03 00:10:30.526 INFO  --- [restartedMain] com.weather.demo.DemoApplication : No active profile set, falling back to default profiles: default 
2021:04:03 00:10:30.556 INFO  --- [restartedMain] o.s.b.d.restart.ChangeableUrls : The Class-Path manifest attribute in C:\MyStudy\70_spring\mvn_repository\com\oracle\database\jdbc\ojdbc8\19.8.0.0\ojdbc8-19.8.0.0.jar referenced one or more files that do not exist: file:/C:/MyStudy/70_spring/mvn_repository/com/oracle/database/jdbc/ojdbc8/19.8.0.0/oraclepki.jar 
2021:04:03 00:10:30.556 INFO  --- [restartedMain] o.s.b.d.e.DevToolsPropertyDefaultsPostProcessor : Devtools property defaults active! Set 'spring.devtools.add-properties' to 'false' to disable 
2021:04:03 00:10:30.556 INFO  --- [restartedMain] o.s.b.d.e.DevToolsPropertyDefaultsPostProcessor : For additional web related logging consider setting the 'logging.level.web' property to 'DEBUG' 
2021:04:03 00:10:31.216 INFO  --- [restartedMain] o.s.c.s.PostProcessorRegistrationDelegate$BeanPostProcessorChecker : Bean 'org.springframework.ws.config.annotation.DelegatingWsConfiguration' of type [org.springframework.ws.config.annotation.DelegatingWsConfiguration$$EnhancerBySpringCGLIB$$4301d8cd] is not eligible for getting processed by all BeanPostProcessors (for example: not eligible for auto-proxying) 
2021:04:03 00:10:31.246 INFO  --- [restartedMain] o.s.w.s.a.s.AnnotationActionEndpointMapping : Supporting [WS-Addressing August 2004, WS-Addressing 1.0] 
2021:04:03 00:10:31.496 INFO  --- [restartedMain] o.s.b.w.e.tomcat.TomcatWebServer : Tomcat initialized with port(s): 8080 (http) 
2021:04:03 00:10:31.506 INFO  --- [restartedMain] o.a.catalina.core.StandardService : Starting service [Tomcat] 
2021:04:03 00:10:31.506 INFO  --- [restartedMain] o.a.catalina.core.StandardEngine : Starting Servlet engine: [Apache Tomcat/9.0.44] 
2021:04:03 00:10:31.576 INFO  --- [restartedMain] o.a.c.c.C.[Tomcat].[localhost].[/] : Initializing Spring embedded WebApplicationContext 
2021:04:03 00:10:31.576 INFO  --- [restartedMain] o.s.b.w.s.c.ServletWebServerApplicationContext : Root WebApplicationContext: initialization completed in 1020 ms 
2021:04:03 00:10:32.236 INFO  --- [restartedMain] o.s.s.c.ThreadPoolTaskExecutor : Initializing ExecutorService 'applicationTaskExecutor' 
2021:04:03 00:10:32.686 WARN  --- [restartedMain] o.s.b.d.a.OptionalLiveReloadServer : Unable to start LiveReload server 
2021:04:03 00:10:32.716 WARN  --- [restartedMain] o.s.b.w.s.c.AnnotationConfigServletWebServerApplicationContext : Exception encountered during context initialization - cancelling refresh attempt: org.springframework.context.ApplicationContextException: Failed to start bean 'webServerStartStop'; nested exception is org.springframework.boot.web.server.PortInUseException: Port 8080 is already in use 
2021:04:03 00:10:32.716 INFO  --- [restartedMain] o.s.s.c.ThreadPoolTaskExecutor : Shutting down ExecutorService 'applicationTaskExecutor' 
2021:04:03 00:10:32.716 INFO  --- [restartedMain] o.a.catalina.core.StandardService : Stopping service [Tomcat] 
2021:04:03 00:10:32.726 INFO  --- [restartedMain] o.s.b.a.l.ConditionEvaluationReportLoggingListener : 

Error starting ApplicationContext. To display the conditions report re-run your application with 'debug' enabled. 
2021:04:03 00:10:32.736 ERROR --- [restartedMain] o.s.b.d.LoggingFailureAnalysisReporter : 

***************************
APPLICATION FAILED TO START
***************************

Description:

Web server failed to start. Port 8080 was already in use.

Action:

Identify and stop the process that's listening on port 8080 or configure this application to listen on another port.
 
2021:04:03 00:12:59.974 INFO  --- [Thread-38] o.s.s.c.ThreadPoolTaskExecutor : Shutting down ExecutorService 'applicationTaskExecutor' 
2021:04:03 00:13:00.144 INFO  --- [restartedMain] com.weather.demo.DemoApplication : Starting DemoApplication using Java 1.8.0_161 on DESKTOP-JGQ1FNH with PID 13036 (C:\GitHub\RESTful-API\demo\target\classes started by saza in C:\GitHub\RESTful-API\demo) 
2021:04:03 00:13:00.144 INFO  --- [restartedMain] com.weather.demo.DemoApplication : No active profile set, falling back to default profiles: default 
2021:04:03 00:13:00.314 INFO  --- [restartedMain] o.s.c.s.PostProcessorRegistrationDelegate$BeanPostProcessorChecker : Bean 'org.springframework.ws.config.annotation.DelegatingWsConfiguration' of type [org.springframework.ws.config.annotation.DelegatingWsConfiguration$$EnhancerBySpringCGLIB$$199a0521] is not eligible for getting processed by all BeanPostProcessors (for example: not eligible for auto-proxying) 
2021:04:03 00:13:00.314 INFO  --- [restartedMain] o.s.w.s.a.s.AnnotationActionEndpointMapping : Supporting [WS-Addressing August 2004, WS-Addressing 1.0] 
2021:04:03 00:13:00.389 INFO  --- [restartedMain] o.s.b.w.e.tomcat.TomcatWebServer : Tomcat initialized with port(s): 8080 (http) 
2021:04:03 00:13:00.389 INFO  --- [restartedMain] o.a.catalina.core.StandardService : Starting service [Tomcat] 
2021:04:03 00:13:00.389 INFO  --- [restartedMain] o.a.catalina.core.StandardEngine : Starting Servlet engine: [Apache Tomcat/9.0.44] 
2021:04:03 00:13:00.409 INFO  --- [restartedMain] o.a.c.c.C.[.[localhost].[/] : Initializing Spring embedded WebApplicationContext 
2021:04:03 00:13:00.409 INFO  --- [restartedMain] o.s.b.w.s.c.ServletWebServerApplicationContext : Root WebApplicationContext: initialization completed in 265 ms 
2021:04:03 00:13:00.483 INFO  --- [restartedMain] o.s.s.c.ThreadPoolTaskExecutor : Initializing ExecutorService 'applicationTaskExecutor' 
2021:04:03 00:13:00.544 INFO  --- [restartedMain] o.s.b.d.a.OptionalLiveReloadServer : LiveReload server is running on port 35729 
2021:04:03 00:13:00.554 INFO  --- [restartedMain] o.s.b.w.e.tomcat.TomcatWebServer : Tomcat started on port(s): 8080 (http) with context path '' 
2021:04:03 00:13:00.554 INFO  --- [restartedMain] com.weather.demo.DemoApplication : Started DemoApplication in 0.451 seconds (JVM running for 478.764) 
2021:04:03 00:13:00.554 INFO  --- [restartedMain] o.s.b.d.a.ConditionEvaluationDeltaLoggingListener : Condition evaluation unchanged 
2021:04:03 00:13:15.524 INFO  --- [Thread-43] o.s.s.c.ThreadPoolTaskExecutor : Shutting down ExecutorService 'applicationTaskExecutor' 
2021:04:03 00:13:15.624 INFO  --- [restartedMain] com.weather.demo.DemoApplication : Starting DemoApplication using Java 1.8.0_161 on DESKTOP-JGQ1FNH with PID 13036 (C:\GitHub\RESTful-API\demo\target\classes started by saza in C:\GitHub\RESTful-API\demo) 
2021:04:03 00:13:15.624 INFO  --- [restartedMain] com.weather.demo.DemoApplication : No active profile set, falling back to default profiles: default 
2021:04:03 00:13:15.789 INFO  --- [restartedMain] o.s.c.s.PostProcessorRegistrationDelegate$BeanPostProcessorChecker : Bean 'org.springframework.ws.config.annotation.DelegatingWsConfiguration' of type [org.springframework.ws.config.annotation.DelegatingWsConfiguration$$EnhancerBySpringCGLIB$$199a0521] is not eligible for getting processed by all BeanPostProcessors (for example: not eligible for auto-proxying) 
2021:04:03 00:13:15.789 INFO  --- [restartedMain] o.s.w.s.a.s.AnnotationActionEndpointMapping : Supporting [WS-Addressing August 2004, WS-Addressing 1.0] 
2021:04:03 00:13:15.814 INFO  --- [restartedMain] o.s.b.w.e.tomcat.TomcatWebServer : Tomcat initialized with port(s): 8080 (http) 
2021:04:03 00:13:15.814 INFO  --- [restartedMain] o.a.catalina.core.StandardService : Starting service [Tomcat] 
2021:04:03 00:13:15.814 INFO  --- [restartedMain] o.a.catalina.core.StandardEngine : Starting Servlet engine: [Apache Tomcat/9.0.44] 
2021:04:03 00:13:15.834 INFO  --- [restartedMain] o.a.c.c.C.[.[localhost].[/] : Initializing Spring embedded WebApplicationContext 
2021:04:03 00:13:15.834 INFO  --- [restartedMain] o.s.b.w.s.c.ServletWebServerApplicationContext : Root WebApplicationContext: initialization completed in 210 ms 
2021:04:03 00:13:15.914 INFO  --- [restartedMain] o.s.s.c.ThreadPoolTaskExecutor : Initializing ExecutorService 'applicationTaskExecutor' 
2021:04:03 00:13:15.984 INFO  --- [restartedMain] o.s.b.d.a.OptionalLiveReloadServer : LiveReload server is running on port 35729 
2021:04:03 00:13:15.994 INFO  --- [restartedMain] o.s.b.w.e.tomcat.TomcatWebServer : Tomcat started on port(s): 8080 (http) with context path '' 
2021:04:03 00:13:16.004 INFO  --- [restartedMain] com.weather.demo.DemoApplication : Started DemoApplication in 0.408 seconds (JVM running for 494.208) 
2021:04:03 00:13:16.004 INFO  --- [restartedMain] o.s.b.d.a.ConditionEvaluationDeltaLoggingListener : Condition evaluation unchanged 
2021:04:03 00:13:23.014 INFO  --- [RMI TCP Connection(2)-127.0.0.1] o.s.b.a.SpringApplicationAdminMXBeanRegistrar$SpringApplicationAdmin : Application shutdown requested. 
2021:04:03 00:13:23.194 INFO  --- [RMI TCP Connection(2)-127.0.0.1] o.s.s.c.ThreadPoolTaskExecutor : Shutting down ExecutorService 'applicationTaskExecutor' 
2021:04:03 00:13:37.443 INFO  --- [restartedMain] com.weather.demo.DemoApplication : Starting DemoApplication using Java 1.8.0_161 on DESKTOP-JGQ1FNH with PID 3096 (C:\GitHub\RESTful-API\demo\target\classes started by saza in C:\GitHub\RESTful-API\demo) 
2021:04:03 00:13:37.443 INFO  --- [restartedMain] com.weather.demo.DemoApplication : No active profile set, falling back to default profiles: default 
2021:04:03 00:13:37.484 INFO  --- [restartedMain] o.s.b.d.restart.ChangeableUrls : The Class-Path manifest attribute in C:\MyStudy\70_spring\mvn_repository\com\oracle\database\jdbc\ojdbc8\19.8.0.0\ojdbc8-19.8.0.0.jar referenced one or more files that do not exist: file:/C:/MyStudy/70_spring/mvn_repository/com/oracle/database/jdbc/ojdbc8/19.8.0.0/oraclepki.jar 
2021:04:03 00:13:37.484 INFO  --- [restartedMain] o.s.b.d.e.DevToolsPropertyDefaultsPostProcessor : Devtools property defaults active! Set 'spring.devtools.add-properties' to 'false' to disable 
2021:04:03 00:13:37.484 INFO  --- [restartedMain] o.s.b.d.e.DevToolsPropertyDefaultsPostProcessor : For additional web related logging consider setting the 'logging.level.web' property to 'DEBUG' 
2021:04:03 00:13:38.184 INFO  --- [restartedMain] o.s.c.s.PostProcessorRegistrationDelegate$BeanPostProcessorChecker : Bean 'org.springframework.ws.config.annotation.DelegatingWsConfiguration' of type [org.springframework.ws.config.annotation.DelegatingWsConfiguration$$EnhancerBySpringCGLIB$$f23da559] is not eligible for getting processed by all BeanPostProcessors (for example: not eligible for auto-proxying) 
2021:04:03 00:13:38.214 INFO  --- [restartedMain] o.s.w.s.a.s.AnnotationActionEndpointMapping : Supporting [WS-Addressing August 2004, WS-Addressing 1.0] 
2021:04:03 00:13:38.494 INFO  --- [restartedMain] o.s.b.w.e.tomcat.TomcatWebServer : Tomcat initialized with port(s): 8080 (http) 
2021:04:03 00:13:38.503 INFO  --- [restartedMain] o.a.catalina.core.StandardService : Starting service [Tomcat] 
2021:04:03 00:13:38.503 INFO  --- [restartedMain] o.a.catalina.core.StandardEngine : Starting Servlet engine: [Apache Tomcat/9.0.44] 
2021:04:03 00:13:38.584 INFO  --- [restartedMain] o.a.c.c.C.[Tomcat].[localhost].[/] : Initializing Spring embedded WebApplicationContext 
2021:04:03 00:13:38.584 INFO  --- [restartedMain] o.s.b.w.s.c.ServletWebServerApplicationContext : Root WebApplicationContext: initialization completed in 1100 ms 
2021:04:03 00:13:39.314 INFO  --- [restartedMain] o.s.s.c.ThreadPoolTaskExecutor : Initializing ExecutorService 'applicationTaskExecutor' 
2021:04:03 00:13:39.858 INFO  --- [restartedMain] o.s.b.d.a.OptionalLiveReloadServer : LiveReload server is running on port 35729 
2021:04:03 00:13:39.894 INFO  --- [restartedMain] o.s.b.w.e.tomcat.TomcatWebServer : Tomcat started on port(s): 8080 (http) with context path '' 
2021:04:03 00:13:39.894 INFO  --- [restartedMain] com.weather.demo.DemoApplication : Started DemoApplication in 2.818 seconds (JVM running for 3.519) 
2021:04:03 00:13:49.279 INFO  --- [RMI TCP Connection(2)-127.0.0.1] o.s.b.a.SpringApplicationAdminMXBeanRegistrar$SpringApplicationAdmin : Application shutdown requested. 
2021:04:03 00:13:49.502 INFO  --- [RMI TCP Connection(2)-127.0.0.1] o.s.s.c.ThreadPoolTaskExecutor : Shutting down ExecutorService 'applicationTaskExecutor' 
2021:04:03 00:43:36.363 INFO  --- [restartedMain] com.weather.demo.DemoApplication : Starting DemoApplication using Java 1.8.0_161 on DESKTOP-JGQ1FNH with PID 14144 (C:\GitHub\RESTful-API\demo\target\classes started by saza in C:\GitHub\RESTful-API\demo) 
2021:04:03 00:43:36.365 INFO  --- [restartedMain] com.weather.demo.DemoApplication : No active profile set, falling back to default profiles: default 
2021:04:03 00:43:36.402 INFO  --- [restartedMain] o.s.b.d.restart.ChangeableUrls : The Class-Path manifest attribute in C:\MyStudy\70_spring\mvn_repository\com\oracle\database\jdbc\ojdbc8\19.8.0.0\ojdbc8-19.8.0.0.jar referenced one or more files that do not exist: file:/C:/MyStudy/70_spring/mvn_repository/com/oracle/database/jdbc/ojdbc8/19.8.0.0/oraclepki.jar 
2021:04:03 00:43:36.402 INFO  --- [restartedMain] o.s.b.d.e.DevToolsPropertyDefaultsPostProcessor : Devtools property defaults active! Set 'spring.devtools.add-properties' to 'false' to disable 
2021:04:03 00:43:36.402 INFO  --- [restartedMain] o.s.b.d.e.DevToolsPropertyDefaultsPostProcessor : For additional web related logging consider setting the 'logging.level.web' property to 'DEBUG' 
2021:04:03 00:43:37.045 INFO  --- [restartedMain] o.s.c.s.PostProcessorRegistrationDelegate$BeanPostProcessorChecker : Bean 'org.springframework.ws.config.annotation.DelegatingWsConfiguration' of type [org.springframework.ws.config.annotation.DelegatingWsConfiguration$$EnhancerBySpringCGLIB$$15ad80cc] is not eligible for getting processed by all BeanPostProcessors (for example: not eligible for auto-proxying) 
2021:04:03 00:43:37.068 INFO  --- [restartedMain] o.s.w.s.a.s.AnnotationActionEndpointMapping : Supporting [WS-Addressing August 2004, WS-Addressing 1.0] 
2021:04:03 00:43:37.312 INFO  --- [restartedMain] o.s.b.w.e.tomcat.TomcatWebServer : Tomcat initialized with port(s): 8080 (http) 
2021:04:03 00:43:37.322 INFO  --- [restartedMain] o.a.catalina.core.StandardService : Starting service [Tomcat] 
2021:04:03 00:43:37.322 INFO  --- [restartedMain] o.a.catalina.core.StandardEngine : Starting Servlet engine: [Apache Tomcat/9.0.44] 
2021:04:03 00:43:37.393 INFO  --- [restartedMain] o.a.c.c.C.[Tomcat].[localhost].[/] : Initializing Spring embedded WebApplicationContext 
2021:04:03 00:43:37.394 INFO  --- [restartedMain] o.s.b.w.s.c.ServletWebServerApplicationContext : Root WebApplicationContext: initialization completed in 991 ms 
2021:04:03 00:43:38.025 INFO  --- [restartedMain] o.s.s.c.ThreadPoolTaskExecutor : Initializing ExecutorService 'applicationTaskExecutor' 
2021:04:03 00:43:38.433 INFO  --- [restartedMain] o.s.b.d.a.OptionalLiveReloadServer : LiveReload server is running on port 35729 
2021:04:03 00:43:38.460 INFO  --- [restartedMain] o.s.b.w.e.tomcat.TomcatWebServer : Tomcat started on port(s): 8080 (http) with context path '' 
2021:04:03 00:43:38.467 INFO  --- [restartedMain] com.weather.demo.DemoApplication : Started DemoApplication in 2.433 seconds (JVM running for 3.113) 
2021:04:03 00:43:42.607 INFO  --- [RMI TCP Connection(2)-127.0.0.1] o.s.b.a.SpringApplicationAdminMXBeanRegistrar$SpringApplicationAdmin : Application shutdown requested. 
2021:04:03 00:43:42.780 INFO  --- [RMI TCP Connection(2)-127.0.0.1] o.s.s.c.ThreadPoolTaskExecutor : Shutting down ExecutorService 'applicationTaskExecutor' 
2021:04:03 00:46:24.394 INFO  --- [restartedMain] com.weather.demo.DemoApplication : Starting DemoApplication using Java 1.8.0_161 on DESKTOP-JGQ1FNH with PID 12324 (C:\GitHub\RESTful-API\demo\target\classes started by saza in C:\GitHub\RESTful-API\demo) 
2021:04:03 00:46:24.396 INFO  --- [restartedMain] com.weather.demo.DemoApplication : No active profile set, falling back to default profiles: default 
2021:04:03 00:46:24.429 INFO  --- [restartedMain] o.s.b.d.restart.ChangeableUrls : The Class-Path manifest attribute in C:\MyStudy\70_spring\mvn_repository\com\oracle\database\jdbc\ojdbc8\19.8.0.0\ojdbc8-19.8.0.0.jar referenced one or more files that do not exist: file:/C:/MyStudy/70_spring/mvn_repository/com/oracle/database/jdbc/ojdbc8/19.8.0.0/oraclepki.jar 
2021:04:03 00:46:24.429 INFO  --- [restartedMain] o.s.b.d.e.DevToolsPropertyDefaultsPostProcessor : Devtools property defaults active! Set 'spring.devtools.add-properties' to 'false' to disable 
2021:04:03 00:46:24.429 INFO  --- [restartedMain] o.s.b.d.e.DevToolsPropertyDefaultsPostProcessor : For additional web related logging consider setting the 'logging.level.web' property to 'DEBUG' 
2021:04:03 00:46:25.066 INFO  --- [restartedMain] o.s.c.s.PostProcessorRegistrationDelegate$BeanPostProcessorChecker : Bean 'org.springframework.ws.config.annotation.DelegatingWsConfiguration' of type [org.springframework.ws.config.annotation.DelegatingWsConfiguration$$EnhancerBySpringCGLIB$$986be7e8] is not eligible for getting processed by all BeanPostProcessors (for example: not eligible for auto-proxying) 
2021:04:03 00:46:25.088 INFO  --- [restartedMain] o.s.w.s.a.s.AnnotationActionEndpointMapping : Supporting [WS-Addressing August 2004, WS-Addressing 1.0] 
2021:04:03 00:46:25.332 INFO  --- [restartedMain] o.s.b.w.e.tomcat.TomcatWebServer : Tomcat initialized with port(s): 8080 (http) 
2021:04:03 00:46:25.342 INFO  --- [restartedMain] o.a.catalina.core.StandardService : Starting service [Tomcat] 
2021:04:03 00:46:25.342 INFO  --- [restartedMain] o.a.catalina.core.StandardEngine : Starting Servlet engine: [Apache Tomcat/9.0.44] 
2021:04:03 00:46:25.414 INFO  --- [restartedMain] o.a.c.c.C.[Tomcat].[localhost].[/] : Initializing Spring embedded WebApplicationContext 
2021:04:03 00:46:25.415 INFO  --- [restartedMain] o.s.b.w.s.c.ServletWebServerApplicationContext : Root WebApplicationContext: initialization completed in 985 ms 
2021:04:03 00:46:26.042 INFO  --- [restartedMain] o.s.s.c.ThreadPoolTaskExecutor : Initializing ExecutorService 'applicationTaskExecutor' 
2021:04:03 00:46:26.452 INFO  --- [restartedMain] o.s.b.d.a.OptionalLiveReloadServer : LiveReload server is running on port 35729 
2021:04:03 00:46:26.479 INFO  --- [restartedMain] o.s.b.w.e.tomcat.TomcatWebServer : Tomcat started on port(s): 8080 (http) with context path '' 
2021:04:03 00:46:26.486 INFO  --- [restartedMain] com.weather.demo.DemoApplication : Started DemoApplication in 2.423 seconds (JVM running for 3.112) 
2021:04:03 00:46:32.865 INFO  --- [RMI TCP Connection(2)-127.0.0.1] o.s.b.a.SpringApplicationAdminMXBeanRegistrar$SpringApplicationAdmin : Application shutdown requested. 
2021:04:03 00:46:33.038 INFO  --- [RMI TCP Connection(2)-127.0.0.1] o.s.s.c.ThreadPoolTaskExecutor : Shutting down ExecutorService 'applicationTaskExecutor' 
2021:04:03 00:48:06.964 INFO  --- [restartedMain] com.weather.demo.DemoApplication : Starting DemoApplication using Java 1.8.0_161 on DESKTOP-JGQ1FNH with PID 9308 (C:\GitHub\RESTful-API\demo\target\classes started by saza in C:\GitHub\RESTful-API\demo) 
2021:04:03 00:48:06.966 INFO  --- [restartedMain] com.weather.demo.DemoApplication : No active profile set, falling back to default profiles: default 
2021:04:03 00:48:06.999 INFO  --- [restartedMain] o.s.b.d.restart.ChangeableUrls : The Class-Path manifest attribute in C:\MyStudy\70_spring\mvn_repository\com\oracle\database\jdbc\ojdbc8\19.8.0.0\ojdbc8-19.8.0.0.jar referenced one or more files that do not exist: file:/C:/MyStudy/70_spring/mvn_repository/com/oracle/database/jdbc/ojdbc8/19.8.0.0/oraclepki.jar 
2021:04:03 00:48:06.999 INFO  --- [restartedMain] o.s.b.d.e.DevToolsPropertyDefaultsPostProcessor : Devtools property defaults active! Set 'spring.devtools.add-properties' to 'false' to disable 
2021:04:03 00:48:06.999 INFO  --- [restartedMain] o.s.b.d.e.DevToolsPropertyDefaultsPostProcessor : For additional web related logging consider setting the 'logging.level.web' property to 'DEBUG' 
2021:04:03 00:48:07.638 INFO  --- [restartedMain] o.s.c.s.PostProcessorRegistrationDelegate$BeanPostProcessorChecker : Bean 'org.springframework.ws.config.annotation.DelegatingWsConfiguration' of type [org.springframework.ws.config.annotation.DelegatingWsConfiguration$$EnhancerBySpringCGLIB$$4e33a15b] is not eligible for getting processed by all BeanPostProcessors (for example: not eligible for auto-proxying) 
2021:04:03 00:48:07.660 INFO  --- [restartedMain] o.s.w.s.a.s.AnnotationActionEndpointMapping : Supporting [WS-Addressing August 2004, WS-Addressing 1.0] 
2021:04:03 00:48:07.907 INFO  --- [restartedMain] o.s.b.w.e.tomcat.TomcatWebServer : Tomcat initialized with port(s): 8080 (http) 
2021:04:03 00:48:07.917 INFO  --- [restartedMain] o.a.catalina.core.StandardService : Starting service [Tomcat] 
2021:04:03 00:48:07.917 INFO  --- [restartedMain] o.a.catalina.core.StandardEngine : Starting Servlet engine: [Apache Tomcat/9.0.44] 
2021:04:03 00:48:07.990 INFO  --- [restartedMain] o.a.c.c.C.[Tomcat].[localhost].[/] : Initializing Spring embedded WebApplicationContext 
2021:04:03 00:48:07.990 INFO  --- [restartedMain] o.s.b.w.s.c.ServletWebServerApplicationContext : Root WebApplicationContext: initialization completed in 990 ms 
2021:04:03 00:48:08.711 INFO  --- [restartedMain] o.s.s.c.ThreadPoolTaskExecutor : Initializing ExecutorService 'applicationTaskExecutor' 
2021:04:03 00:48:09.145 INFO  --- [restartedMain] o.s.b.d.a.OptionalLiveReloadServer : LiveReload server is running on port 35729 
2021:04:03 00:48:09.174 INFO  --- [restartedMain] o.s.b.w.e.tomcat.TomcatWebServer : Tomcat started on port(s): 8080 (http) with context path '' 
2021:04:03 00:48:09.181 INFO  --- [restartedMain] com.weather.demo.DemoApplication : Started DemoApplication in 2.546 seconds (JVM running for 3.277) 
2021:04:03 00:48:13.867 INFO  --- [http-nio-8080-exec-2] o.a.c.c.C.[Tomcat].[localhost].[/] : Initializing Spring DispatcherServlet 'dispatcherServlet' 
2021:04:03 00:48:13.870 INFO  --- [http-nio-8080-exec-2] o.s.web.servlet.DispatcherServlet : Initializing Servlet 'dispatcherServlet' 
2021:04:03 00:48:13.872 INFO  --- [http-nio-8080-exec-2] o.s.web.servlet.DispatcherServlet : Completed initialization in 0 ms 
2021:04:03 00:48:27.067 INFO  --- [http-nio-8080-exec-2] com.zaxxer.hikari.HikariDataSource : HikariPool-1 - Starting... 
2021:04:03 00:48:29.338 INFO  --- [http-nio-8080-exec-2] com.zaxxer.hikari.HikariDataSource : HikariPool-1 - Start completed. 
2021:04:03 00:49:44.650 INFO  --- [RMI TCP Connection(2)-127.0.0.1] o.s.b.a.SpringApplicationAdminMXBeanRegistrar$SpringApplicationAdmin : Application shutdown requested. 
2021:04:03 00:49:44.813 INFO  --- [RMI TCP Connection(2)-127.0.0.1] o.s.s.c.ThreadPoolTaskExecutor : Shutting down ExecutorService 'applicationTaskExecutor' 
2021:04:03 00:49:44.816 INFO  --- [RMI TCP Connection(2)-127.0.0.1] com.zaxxer.hikari.HikariDataSource : HikariPool-1 - Shutdown initiated... 
2021:04:03 00:49:46.728 INFO  --- [RMI TCP Connection(2)-127.0.0.1] com.zaxxer.hikari.HikariDataSource : HikariPool-1 - Shutdown completed. 
2021:04:03 00:50:12.887 INFO  --- [restartedMain] com.weather.demo.DemoApplication : Starting DemoApplication using Java 1.8.0_161 on DESKTOP-JGQ1FNH with PID 7828 (C:\GitHub\RESTful-API\demo\target\classes started by saza in C:\GitHub\RESTful-API\demo) 
2021:04:03 00:50:12.888 INFO  --- [restartedMain] com.weather.demo.DemoApplication : No active profile set, falling back to default profiles: default 
2021:04:03 00:50:12.921 INFO  --- [restartedMain] o.s.b.d.restart.ChangeableUrls : The Class-Path manifest attribute in C:\MyStudy\70_spring\mvn_repository\com\oracle\database\jdbc\ojdbc8\19.8.0.0\ojdbc8-19.8.0.0.jar referenced one or more files that do not exist: file:/C:/MyStudy/70_spring/mvn_repository/com/oracle/database/jdbc/ojdbc8/19.8.0.0/oraclepki.jar 
2021:04:03 00:50:12.922 INFO  --- [restartedMain] o.s.b.d.e.DevToolsPropertyDefaultsPostProcessor : Devtools property defaults active! Set 'spring.devtools.add-properties' to 'false' to disable 
2021:04:03 00:50:12.922 INFO  --- [restartedMain] o.s.b.d.e.DevToolsPropertyDefaultsPostProcessor : For additional web related logging consider setting the 'logging.level.web' property to 'DEBUG' 
2021:04:03 00:50:13.564 INFO  --- [restartedMain] o.s.c.s.PostProcessorRegistrationDelegate$BeanPostProcessorChecker : Bean 'org.springframework.ws.config.annotation.DelegatingWsConfiguration' of type [org.springframework.ws.config.annotation.DelegatingWsConfiguration$$EnhancerBySpringCGLIB$$1a560575] is not eligible for getting processed by all BeanPostProcessors (for example: not eligible for auto-proxying) 
2021:04:03 00:50:13.586 INFO  --- [restartedMain] o.s.w.s.a.s.AnnotationActionEndpointMapping : Supporting [WS-Addressing August 2004, WS-Addressing 1.0] 
2021:04:03 00:50:13.834 INFO  --- [restartedMain] o.s.b.w.e.tomcat.TomcatWebServer : Tomcat initialized with port(s): 8080 (http) 
2021:04:03 00:50:13.844 INFO  --- [restartedMain] o.a.catalina.core.StandardService : Starting service [Tomcat] 
2021:04:03 00:50:13.844 INFO  --- [restartedMain] o.a.catalina.core.StandardEngine : Starting Servlet engine: [Apache Tomcat/9.0.44] 
2021:04:03 00:50:13.920 INFO  --- [restartedMain] o.a.c.c.C.[Tomcat].[localhost].[/] : Initializing Spring embedded WebApplicationContext 
2021:04:03 00:50:13.921 INFO  --- [restartedMain] o.s.b.w.s.c.ServletWebServerApplicationContext : Root WebApplicationContext: initialization completed in 999 ms 
2021:04:03 00:50:14.552 INFO  --- [restartedMain] o.s.s.c.ThreadPoolTaskExecutor : Initializing ExecutorService 'applicationTaskExecutor' 
2021:04:03 00:50:14.968 INFO  --- [restartedMain] o.s.b.d.a.OptionalLiveReloadServer : LiveReload server is running on port 35729 
2021:04:03 00:50:14.996 INFO  --- [restartedMain] o.s.b.w.e.tomcat.TomcatWebServer : Tomcat started on port(s): 8080 (http) with context path '' 
2021:04:03 00:50:15.003 INFO  --- [restartedMain] com.weather.demo.DemoApplication : Started DemoApplication in 2.445 seconds (JVM running for 3.116) 
2021:04:03 00:50:18.015 INFO  --- [RMI TCP Connection(2)-127.0.0.1] o.s.b.a.SpringApplicationAdminMXBeanRegistrar$SpringApplicationAdmin : Application shutdown requested. 
2021:04:03 00:50:18.191 INFO  --- [RMI TCP Connection(2)-127.0.0.1] o.s.s.c.ThreadPoolTaskExecutor : Shutting down ExecutorService 'applicationTaskExecutor' 
