2021:04:02 12:05:21.867 INFO  --- [restartedMain] com.weather.demo.DemoApplication : Starting DemoApplication using Java 1.8.0_271 on DESKTOP-R6EH3N5 with PID 10892 (C:\MyStudy\Github\RESTful-API\demo\target\classes started by bitcamp in C:\MyStudy\Github\RESTful-API\demo) 
2021:04:02 12:05:21.870 INFO  --- [restartedMain] com.weather.demo.DemoApplication : No active profile set, falling back to default profiles: default 
2021:04:02 12:05:21.908 INFO  --- [restartedMain] o.s.b.d.restart.ChangeableUrls : The Class-Path manifest attribute in C:\Users\bitcamp\.m2\repository\com\oracle\database\jdbc\ojdbc8\19.8.0.0\ojdbc8-19.8.0.0.jar referenced one or more files that do not exist: file:/C:/Users/bitcamp/.m2/repository/com/oracle/database/jdbc/ojdbc8/19.8.0.0/oraclepki.jar 
2021:04:02 12:05:21.919 INFO  --- [restartedMain] o.s.b.d.e.DevToolsPropertyDefaultsPostProcessor : Devtools property defaults active! Set 'spring.devtools.add-properties' to 'false' to disable 
2021:04:02 12:05:21.919 INFO  --- [restartedMain] o.s.b.d.e.DevToolsPropertyDefaultsPostProcessor : For additional web related logging consider setting the 'logging.level.web' property to 'DEBUG' 
2021:04:02 12:05:22.875 INFO  --- [restartedMain] o.s.c.s.PostProcessorRegistrationDelegate$BeanPostProcessorChecker : Bean 'org.springframework.ws.config.annotation.DelegatingWsConfiguration' of type [org.springframework.ws.config.annotation.DelegatingWsConfiguration$$EnhancerBySpringCGLIB$$443499cd] is not eligible for getting processed by all BeanPostProcessors (for example: not eligible for auto-proxying) 
2021:04:02 12:05:22.918 INFO  --- [restartedMain] o.s.w.s.a.s.AnnotationActionEndpointMapping : Supporting [WS-Addressing August 2004, WS-Addressing 1.0] 
2021:04:02 12:05:23.656 INFO  --- [restartedMain] o.s.b.w.e.tomcat.TomcatWebServer : Tomcat initialized with port(s): 8080 (http) 
2021:04:02 12:05:23.671 INFO  --- [restartedMain] o.a.catalina.core.StandardService : Starting service [Tomcat] 
2021:04:02 12:05:23.671 INFO  --- [restartedMain] o.a.catalina.core.StandardEngine : Starting Servlet engine: [Apache Tomcat/9.0.44] 
2021:04:02 12:05:23.725 INFO  --- [restartedMain] o.a.c.c.C.[Tomcat].[localhost].[/] : Initializing Spring embedded WebApplicationContext 
2021:04:02 12:05:23.725 INFO  --- [restartedMain] o.s.b.w.s.c.ServletWebServerApplicationContext : Root WebApplicationContext: initialization completed in 1806 ms 
2021:04:02 12:05:25.028 INFO  --- [restartedMain] o.s.s.c.ThreadPoolTaskExecutor : Initializing ExecutorService 'applicationTaskExecutor' 
2021:04:02 12:05:25.476 INFO  --- [restartedMain] o.s.b.d.a.OptionalLiveReloadServer : LiveReload server is running on port 35729 
2021:04:02 12:05:25.777 INFO  --- [restartedMain] o.s.b.w.e.tomcat.TomcatWebServer : Tomcat started on port(s): 8080 (http) with context path '' 
2021:04:02 12:05:25.793 INFO  --- [restartedMain] com.weather.demo.DemoApplication : Started DemoApplication in 4.293 seconds (JVM running for 5.307) 
2021:04:02 12:05:48.536 INFO  --- [http-nio-8080-exec-2] o.a.c.c.C.[Tomcat].[localhost].[/] : Initializing Spring DispatcherServlet 'dispatcherServlet' 
2021:04:02 12:05:48.536 INFO  --- [http-nio-8080-exec-2] o.s.web.servlet.DispatcherServlet : Initializing Servlet 'dispatcherServlet' 
2021:04:02 12:05:48.538 INFO  --- [http-nio-8080-exec-2] o.s.web.servlet.DispatcherServlet : Completed initialization in 1 ms 
2021:04:02 12:05:48.584 INFO  --- [http-nio-8080-exec-2] com.zaxxer.hikari.HikariDataSource : HikariPool-1 - Starting... 
2021:04:02 12:05:51.171 INFO  --- [http-nio-8080-exec-2] com.zaxxer.hikari.HikariDataSource : HikariPool-1 - Start completed. 
2021:04:02 12:06:35.767 INFO  --- [Thread-7] o.s.s.c.ThreadPoolTaskExecutor : Shutting down ExecutorService 'applicationTaskExecutor' 
2021:04:02 12:06:35.779 INFO  --- [Thread-7] com.zaxxer.hikari.HikariDataSource : HikariPool-1 - Shutdown initiated... 
2021:04:02 12:06:37.564 INFO  --- [Thread-7] com.zaxxer.hikari.HikariDataSource : HikariPool-1 - Shutdown completed. 
2021:04:02 12:06:37.758 INFO  --- [restartedMain] com.weather.demo.DemoApplication : Starting DemoApplication using Java 1.8.0_271 on DESKTOP-R6EH3N5 with PID 10892 (C:\MyStudy\Github\RESTful-API\demo\target\classes started by bitcamp in C:\MyStudy\Github\RESTful-API\demo) 
2021:04:02 12:06:37.765 INFO  --- [restartedMain] com.weather.demo.DemoApplication : No active profile set, falling back to default profiles: default 
2021:04:02 12:06:37.765 WARN  --- [restartedMain] o.s.b.c.c.ConfigDataEnvironment : Property 'spring.profiles' imported from location 'class path resource [application.properties]' is invalid and should be replaced with 'spring.config.activate.on-profile' [origin: class path resource [application.properties] - 15:18] 
2021:04:02 12:06:37.965 INFO  --- [restartedMain] o.s.c.s.PostProcessorRegistrationDelegate$BeanPostProcessorChecker : Bean 'org.springframework.ws.config.annotation.DelegatingWsConfiguration' of type [org.springframework.ws.config.annotation.DelegatingWsConfiguration$$EnhancerBySpringCGLIB$$443499cd] is not eligible for getting processed by all BeanPostProcessors (for example: not eligible for auto-proxying) 
2021:04:02 12:06:37.965 INFO  --- [restartedMain] o.s.w.s.a.s.AnnotationActionEndpointMapping : Supporting [WS-Addressing August 2004, WS-Addressing 1.0] 
2021:04:02 12:06:38.028 INFO  --- [restartedMain] o.s.b.w.e.tomcat.TomcatWebServer : Tomcat initialized with port(s): 8080 (http) 
2021:04:02 12:06:38.028 INFO  --- [restartedMain] o.a.catalina.core.StandardService : Starting service [Tomcat] 
2021:04:02 12:06:38.028 INFO  --- [restartedMain] o.a.catalina.core.StandardEngine : Starting Servlet engine: [Apache Tomcat/9.0.44] 
2021:04:02 12:06:38.043 INFO  --- [restartedMain] o.a.c.c.C.[Tomcat].[localhost].[/] : Initializing Spring embedded WebApplicationContext 
2021:04:02 12:06:38.043 INFO  --- [restartedMain] o.s.b.w.s.c.ServletWebServerApplicationContext : Root WebApplicationContext: initialization completed in 278 ms 
2021:04:02 12:06:38.066 WARN  --- [restartedMain] o.s.b.w.s.c.AnnotationConfigServletWebServerApplicationContext : Exception encountered during context initialization - cancelling refresh attempt: org.springframework.beans.factory.UnsatisfiedDependencyException: Error creating bean with name 'APIController': Unsatisfied dependency expressed through field 'weatherDAO'; nested exception is org.springframework.beans.factory.UnsatisfiedDependencyException: Error creating bean with name 'weatherDAO' defined in file [C:\MyStudy\Github\RESTful-API\demo\target\classes\com\weather\service\WeatherDAO.class]: Unsatisfied dependency expressed through bean property 'sqlSessionFactory'; nested exception is org.springframework.beans.factory.UnsatisfiedDependencyException: Error creating bean with name 'sqlSessionFactory' defined in com.weather.demo.DemoApplication: Unsatisfied dependency expressed through method 'sqlSessionFactory' parameter 0; nested exception is org.springframework.beans.factory.BeanCreationException: Error creating bean with name 'dataSource' defined in class path resource [org/springframework/boot/autoconfigure/jdbc/DataSourceConfiguration$Hikari.class]: Bean instantiation via factory method failed; nested exception is org.springframework.beans.BeanInstantiationException: Failed to instantiate [com.zaxxer.hikari.HikariDataSource]: Factory method 'dataSource' threw exception; nested exception is org.springframework.boot.autoconfigure.jdbc.DataSourceProperties$DataSourceBeanCreationException: Failed to determine a suitable driver class 
2021:04:02 12:06:38.066 INFO  --- [restartedMain] o.a.catalina.core.StandardService : Stopping service [Tomcat] 
2021:04:02 12:06:38.066 INFO  --- [restartedMain] o.s.b.a.l.ConditionEvaluationReportLoggingListener : 

Error starting ApplicationContext. To display the conditions report re-run your application with 'debug' enabled. 
2021:04:02 12:06:38.097 ERROR --- [restartedMain] o.s.b.d.LoggingFailureAnalysisReporter : 

***************************
APPLICATION FAILED TO START
***************************

Description:

Failed to configure a DataSource: 'url' attribute is not specified and no embedded datasource could be configured.

Reason: Failed to determine a suitable driver class


Action:

Consider the following:
	If you want an embedded database (H2, HSQL or Derby), please put it on the classpath.
	If you have database settings to be loaded from a particular profile you may need to activate it (no profiles are currently active).
 
